2021-07-31 10:12:19.560  INFO 16200 --- [restartedMain] c.I.r.e.EGradebookApplication            : Starting EGradebookApplication using Java 15.0.2 on DESKTOP-6VBDC01 with PID 16200 (C:\Users\bdjuk\workspaceIKTPreobuka\e-gradebook\target\classes started by bdjuk in C:\Users\bdjuk\workspaceIKTPreobuka\e-gradebook)
2021-07-31 10:12:19.561  INFO 16200 --- [restartedMain] c.I.r.e.EGradebookApplication            : No active profile set, falling back to default profiles: default
2021-07-31 10:12:19.909  INFO 16200 --- [restartedMain] .s.d.r.c.RepositoryConfigurationDelegate : Bootstrapping Spring Data JPA repositories in DEFAULT mode.
2021-07-31 10:12:19.990  INFO 16200 --- [restartedMain] .s.d.r.c.RepositoryConfigurationDelegate : Finished Spring Data repository scanning in 72 ms. Found 10 JPA repository interfaces.
2021-07-31 10:12:20.105  INFO 16200 --- [restartedMain] trationDelegate$BeanPostProcessorChecker : Bean 'org.springframework.security.access.expression.method.DefaultMethodSecurityExpressionHandler@152de21e' of type [org.springframework.security.access.expression.method.DefaultMethodSecurityExpressionHandler] is not eligible for getting processed by all BeanPostProcessors (for example: not eligible for auto-proxying)
2021-07-31 10:12:20.106  INFO 16200 --- [restartedMain] trationDelegate$BeanPostProcessorChecker : Bean 'methodSecurityMetadataSource' of type [org.springframework.security.access.method.DelegatingMethodSecurityMetadataSource] is not eligible for getting processed by all BeanPostProcessors (for example: not eligible for auto-proxying)
2021-07-31 10:12:20.176  INFO 16200 --- [restartedMain] o.s.b.w.e.t.TomcatWebServer              : Tomcat initialized with port(s): 8080 (http)
2021-07-31 10:12:20.177  INFO 16200 --- [restartedMain] o.a.c.c.StandardService                  : Starting service [Tomcat]
2021-07-31 10:12:20.177  INFO 16200 --- [restartedMain] o.a.c.c.StandardEngine                   : Starting Servlet engine: [Apache Tomcat/9.0.48]
2021-07-31 10:12:20.213  INFO 16200 --- [restartedMain] o.a.c.c.C.[.[.[/]                        : Initializing Spring embedded WebApplicationContext
2021-07-31 10:12:20.213  INFO 16200 --- [restartedMain] w.s.c.ServletWebServerApplicationContext : Root WebApplicationContext: initialization completed in 648 ms
2021-07-31 10:12:20.289  INFO 16200 --- [restartedMain] c.z.h.HikariDataSource                   : HikariPool-3 - Starting...
2021-07-31 10:12:20.321  INFO 16200 --- [restartedMain] c.z.h.HikariDataSource                   : HikariPool-3 - Start completed.
2021-07-31 10:12:20.658  INFO 16200 --- [restartedMain] j.LocalContainerEntityManagerFactoryBean : Initialized JPA EntityManagerFactory for persistence unit 'default'
2021-07-31 10:12:20.689  WARN 16200 --- [restartedMain] JpaBaseConfiguration$JpaWebConfiguration : spring.jpa.open-in-view is enabled by default. Therefore, database queries may be performed during view rendering. Explicitly configure spring.jpa.open-in-view to disable this warning
2021-07-31 10:12:21.059  INFO 16200 --- [restartedMain] .s.s.UserDetailsServiceAutoConfiguration : 

Using generated security password: b2e533e2-2b9b-4779-9838-73f8f36c106e

2021-07-31 10:12:21.169  INFO 16200 --- [restartedMain] o.s.s.w.DefaultSecurityFilterChain       : Will secure any request with [org.springframework.security.web.context.request.async.WebAsyncManagerIntegrationFilter@57459210, org.springframework.security.web.context.SecurityContextPersistenceFilter@18aac665, org.springframework.security.web.header.HeaderWriterFilter@2e295f4f, org.springframework.web.filter.CorsFilter@413ada70, org.springframework.security.web.authentication.logout.LogoutFilter@5822facd, com.IKTpreobuka.restExample.egradebook.config.JWTAuthorizationFilter@13029628, org.springframework.security.web.savedrequest.RequestCacheAwareFilter@25b57352, org.springframework.security.web.servletapi.SecurityContextHolderAwareRequestFilter@4102938c, org.springframework.security.web.authentication.AnonymousAuthenticationFilter@bd1bd0b, org.springframework.security.web.session.SessionManagementFilter@7204b480, org.springframework.security.web.access.ExceptionTranslationFilter@2083a436, org.springframework.security.web.access.intercept.FilterSecurityInterceptor@6f9eeaa1]
2021-07-31 10:12:21.219  WARN 16200 --- [restartedMain] ion$DefaultTemplateResolverConfiguration : Cannot find template location: classpath:/templates/ (please add some templates or check your Thymeleaf configuration)
2021-07-31 10:12:21.264  INFO 16200 --- [restartedMain] o.s.b.d.a.OptionalLiveReloadServer       : LiveReload server is running on port 35729
2021-07-31 10:12:21.282  INFO 16200 --- [restartedMain] o.s.b.w.e.t.TomcatWebServer              : Tomcat started on port(s): 8080 (http) with context path ''
2021-07-31 10:12:21.288  INFO 16200 --- [restartedMain] c.I.r.e.EGradebookApplication            : Started EGradebookApplication in 1.809 seconds (JVM running for 418.31)
2021-07-31 10:12:21.290  INFO 16200 --- [restartedMain] .ConditionEvaluationDeltaLoggingListener : Condition evaluation unchanged
2021-07-31 10:12:38.228  INFO 16200 --- [RMI TCP Connection(19)-127.0.0.1] inMXBeanRegistrar$SpringApplicationAdmin : Application shutdown requested.
2021-07-31 10:12:38.270  INFO 16200 --- [RMI TCP Connection(19)-127.0.0.1] j.LocalContainerEntityManagerFactoryBean : Closing JPA EntityManagerFactory for persistence unit 'default'
2021-07-31 10:12:38.271  INFO 16200 --- [RMI TCP Connection(19)-127.0.0.1] c.z.h.HikariDataSource                   : HikariPool-3 - Shutdown initiated...
2021-07-31 10:12:38.283  INFO 16200 --- [RMI TCP Connection(19)-127.0.0.1] c.z.h.HikariDataSource                   : HikariPool-3 - Shutdown completed.
2021-07-31 10:12:44.741  INFO 24052 --- [restartedMain] c.I.r.e.EGradebookApplication            : Starting EGradebookApplication using Java 15.0.2 on DESKTOP-6VBDC01 with PID 24052 (C:\Users\bdjuk\workspaceIKTPreobuka\e-gradebook\target\classes started by bdjuk in C:\Users\bdjuk\workspaceIKTPreobuka\e-gradebook)
2021-07-31 10:12:44.753  INFO 24052 --- [restartedMain] c.I.r.e.EGradebookApplication            : No active profile set, falling back to default profiles: default
2021-07-31 10:12:44.809  INFO 24052 --- [restartedMain] .e.DevToolsPropertyDefaultsPostProcessor : Devtools property defaults active! Set 'spring.devtools.add-properties' to 'false' to disable
2021-07-31 10:12:44.810  INFO 24052 --- [restartedMain] .e.DevToolsPropertyDefaultsPostProcessor : For additional web related logging consider setting the 'logging.level.web' property to 'DEBUG'
2021-07-31 10:12:45.792  INFO 24052 --- [restartedMain] .s.d.r.c.RepositoryConfigurationDelegate : Bootstrapping Spring Data JPA repositories in DEFAULT mode.
2021-07-31 10:12:45.924  INFO 24052 --- [restartedMain] .s.d.r.c.RepositoryConfigurationDelegate : Finished Spring Data repository scanning in 122 ms. Found 10 JPA repository interfaces.
2021-07-31 10:12:46.405  INFO 24052 --- [restartedMain] trationDelegate$BeanPostProcessorChecker : Bean 'org.springframework.security.access.expression.method.DefaultMethodSecurityExpressionHandler@491c484d' of type [org.springframework.security.access.expression.method.DefaultMethodSecurityExpressionHandler] is not eligible for getting processed by all BeanPostProcessors (for example: not eligible for auto-proxying)
2021-07-31 10:12:46.422  INFO 24052 --- [restartedMain] trationDelegate$BeanPostProcessorChecker : Bean 'methodSecurityMetadataSource' of type [org.springframework.security.access.method.DelegatingMethodSecurityMetadataSource] is not eligible for getting processed by all BeanPostProcessors (for example: not eligible for auto-proxying)
2021-07-31 10:12:46.806  INFO 24052 --- [restartedMain] o.s.b.w.e.t.TomcatWebServer              : Tomcat initialized with port(s): 8080 (http)
2021-07-31 10:12:46.819  INFO 24052 --- [restartedMain] o.a.c.c.StandardService                  : Starting service [Tomcat]
2021-07-31 10:12:46.820  INFO 24052 --- [restartedMain] o.a.c.c.StandardEngine                   : Starting Servlet engine: [Apache Tomcat/9.0.48]
2021-07-31 10:12:46.955  INFO 24052 --- [restartedMain] o.a.c.c.C.[.[.[/]                        : Initializing Spring embedded WebApplicationContext
2021-07-31 10:12:46.955  INFO 24052 --- [restartedMain] w.s.c.ServletWebServerApplicationContext : Root WebApplicationContext: initialization completed in 2145 ms
2021-07-31 10:12:47.610  INFO 24052 --- [restartedMain] c.z.h.HikariDataSource                   : HikariPool-1 - Starting...
2021-07-31 10:12:48.093  INFO 24052 --- [restartedMain] c.z.h.HikariDataSource                   : HikariPool-1 - Start completed.
2021-07-31 10:12:49.772  INFO 24052 --- [restartedMain] j.LocalContainerEntityManagerFactoryBean : Initialized JPA EntityManagerFactory for persistence unit 'default'
2021-07-31 10:12:49.873  WARN 24052 --- [restartedMain] JpaBaseConfiguration$JpaWebConfiguration : spring.jpa.open-in-view is enabled by default. Therefore, database queries may be performed during view rendering. Explicitly configure spring.jpa.open-in-view to disable this warning
2021-07-31 10:12:50.836  INFO 24052 --- [restartedMain] .s.s.UserDetailsServiceAutoConfiguration : 

Using generated security password: 893334f5-5c93-4ab0-abb5-517b786876ad

2021-07-31 10:12:51.156  INFO 24052 --- [restartedMain] o.s.s.w.DefaultSecurityFilterChain       : Will secure any request with [org.springframework.security.web.context.request.async.WebAsyncManagerIntegrationFilter@30b7a1f9, org.springframework.security.web.context.SecurityContextPersistenceFilter@6c6e7608, org.springframework.security.web.header.HeaderWriterFilter@695038e6, org.springframework.web.filter.CorsFilter@30b24172, org.springframework.security.web.authentication.logout.LogoutFilter@302917ed, com.IKTpreobuka.restExample.egradebook.config.JWTAuthorizationFilter@31d7e248, org.springframework.security.web.savedrequest.RequestCacheAwareFilter@3cea326, org.springframework.security.web.servletapi.SecurityContextHolderAwareRequestFilter@6a3ed1a7, org.springframework.security.web.authentication.AnonymousAuthenticationFilter@19a8bf2b, org.springframework.security.web.session.SessionManagementFilter@aaaf2fd, org.springframework.security.web.access.ExceptionTranslationFilter@575580b9, org.springframework.security.web.access.intercept.FilterSecurityInterceptor@1ee1f6c4]
2021-07-31 10:12:51.342  WARN 24052 --- [restartedMain] ion$DefaultTemplateResolverConfiguration : Cannot find template location: classpath:/templates/ (please add some templates or check your Thymeleaf configuration)
2021-07-31 10:12:51.484  INFO 24052 --- [restartedMain] o.s.b.d.a.OptionalLiveReloadServer       : LiveReload server is running on port 35729
2021-07-31 10:12:51.540  INFO 24052 --- [restartedMain] o.s.b.w.e.t.TomcatWebServer              : Tomcat started on port(s): 8080 (http) with context path ''
2021-07-31 10:12:51.553  INFO 24052 --- [restartedMain] c.I.r.e.EGradebookApplication            : Started EGradebookApplication in 7.452 seconds (JVM running for 8.808)
2021-07-31 10:12:58.276  INFO 24052 --- [http-nio-8080-exec-1] o.a.c.c.C.[.[.[/]                        : Initializing Spring DispatcherServlet 'dispatcherServlet'
2021-07-31 10:12:58.278  INFO 24052 --- [http-nio-8080-exec-1] o.s.w.s.DispatcherServlet                : Initializing Servlet 'dispatcherServlet'
2021-07-31 10:12:58.280  INFO 24052 --- [http-nio-8080-exec-1] o.s.w.s.DispatcherServlet                : Completed initialization in 1 ms
2021-07-31 10:12:58.866  INFO 24052 --- [http-nio-8080-exec-1] c.I.r.e.c.SigninController               : com.IKTpreobuka.restExample.egradebook.entities.StudentEntity@70f7c287 : JWTToken granted.
2021-07-31 10:12:58.867  INFO 24052 --- [http-nio-8080-exec-1] c.I.r.e.c.SigninController               : n.mitrovic : logged in.
2021-07-31 10:13:02.997  INFO 24052 --- [http-nio-8080-exec-3] c.I.r.e.c.StudentController              : MyFile -- FETCHED by: n.mitrovic
2021-07-31 10:14:31.212  INFO 24052 --- [Thread-5] j.LocalContainerEntityManagerFactoryBean : Closing JPA EntityManagerFactory for persistence unit 'default'
2021-07-31 10:14:31.219  INFO 24052 --- [Thread-5] c.z.h.HikariDataSource                   : HikariPool-1 - Shutdown initiated...
2021-07-31 10:14:31.234  INFO 24052 --- [Thread-5] c.z.h.HikariDataSource                   : HikariPool-1 - Shutdown completed.
2021-07-31 10:14:31.398  INFO 24052 --- [restartedMain] c.I.r.e.EGradebookApplication            : Starting EGradebookApplication using Java 15.0.2 on DESKTOP-6VBDC01 with PID 24052 (C:\Users\bdjuk\workspaceIKTPreobuka\e-gradebook\target\classes started by bdjuk in C:\Users\bdjuk\workspaceIKTPreobuka\e-gradebook)
2021-07-31 10:14:31.399  INFO 24052 --- [restartedMain] c.I.r.e.EGradebookApplication            : No active profile set, falling back to default profiles: default
2021-07-31 10:14:31.743  INFO 24052 --- [restartedMain] .s.d.r.c.RepositoryConfigurationDelegate : Bootstrapping Spring Data JPA repositories in DEFAULT mode.
2021-07-31 10:14:31.822  INFO 24052 --- [restartedMain] .s.d.r.c.RepositoryConfigurationDelegate : Finished Spring Data repository scanning in 78 ms. Found 10 JPA repository interfaces.
2021-07-31 10:14:31.929  INFO 24052 --- [restartedMain] trationDelegate$BeanPostProcessorChecker : Bean 'org.springframework.security.access.expression.method.DefaultMethodSecurityExpressionHandler@3375bdef' of type [org.springframework.security.access.expression.method.DefaultMethodSecurityExpressionHandler] is not eligible for getting processed by all BeanPostProcessors (for example: not eligible for auto-proxying)
2021-07-31 10:14:31.931  INFO 24052 --- [restartedMain] trationDelegate$BeanPostProcessorChecker : Bean 'methodSecurityMetadataSource' of type [org.springframework.security.access.method.DelegatingMethodSecurityMetadataSource] is not eligible for getting processed by all BeanPostProcessors (for example: not eligible for auto-proxying)
2021-07-31 10:14:32.003  INFO 24052 --- [restartedMain] o.s.b.w.e.t.TomcatWebServer              : Tomcat initialized with port(s): 8080 (http)
2021-07-31 10:14:32.004  INFO 24052 --- [restartedMain] o.a.c.c.StandardService                  : Starting service [Tomcat]
2021-07-31 10:14:32.004  INFO 24052 --- [restartedMain] o.a.c.c.StandardEngine                   : Starting Servlet engine: [Apache Tomcat/9.0.48]
2021-07-31 10:14:32.055  INFO 24052 --- [restartedMain] o.a.c.c.C.[.[.[/]                        : Initializing Spring embedded WebApplicationContext
2021-07-31 10:14:32.055  INFO 24052 --- [restartedMain] w.s.c.ServletWebServerApplicationContext : Root WebApplicationContext: initialization completed in 652 ms
2021-07-31 10:14:32.142  INFO 24052 --- [restartedMain] c.z.h.HikariDataSource                   : HikariPool-2 - Starting...
2021-07-31 10:14:32.177  INFO 24052 --- [restartedMain] c.z.h.HikariDataSource                   : HikariPool-2 - Start completed.
2021-07-31 10:14:32.521  INFO 24052 --- [restartedMain] j.LocalContainerEntityManagerFactoryBean : Initialized JPA EntityManagerFactory for persistence unit 'default'
2021-07-31 10:14:32.552  WARN 24052 --- [restartedMain] JpaBaseConfiguration$JpaWebConfiguration : spring.jpa.open-in-view is enabled by default. Therefore, database queries may be performed during view rendering. Explicitly configure spring.jpa.open-in-view to disable this warning
2021-07-31 10:14:32.884  INFO 24052 --- [restartedMain] .s.s.UserDetailsServiceAutoConfiguration : 

Using generated security password: 2f4cf654-3e71-45c3-81f6-1d54ab777023

2021-07-31 10:14:32.984  INFO 24052 --- [restartedMain] o.s.s.w.DefaultSecurityFilterChain       : Will secure any request with [org.springframework.security.web.context.request.async.WebAsyncManagerIntegrationFilter@6900eb7d, org.springframework.security.web.context.SecurityContextPersistenceFilter@45cd4f37, org.springframework.security.web.header.HeaderWriterFilter@1093dd7, org.springframework.web.filter.CorsFilter@378583a8, org.springframework.security.web.authentication.logout.LogoutFilter@57215d58, com.IKTpreobuka.restExample.egradebook.config.JWTAuthorizationFilter@5813b195, org.springframework.security.web.savedrequest.RequestCacheAwareFilter@6a70e94, org.springframework.security.web.servletapi.SecurityContextHolderAwareRequestFilter@4e887c12, org.springframework.security.web.authentication.AnonymousAuthenticationFilter@55d60717, org.springframework.security.web.session.SessionManagementFilter@3e8100bc, org.springframework.security.web.access.ExceptionTranslationFilter@122a206a, org.springframework.security.web.access.intercept.FilterSecurityInterceptor@17a35d75]
2021-07-31 10:14:33.029  WARN 24052 --- [restartedMain] ion$DefaultTemplateResolverConfiguration : Cannot find template location: classpath:/templates/ (please add some templates or check your Thymeleaf configuration)
2021-07-31 10:14:33.075  INFO 24052 --- [restartedMain] o.s.b.d.a.OptionalLiveReloadServer       : LiveReload server is running on port 35729
2021-07-31 10:14:33.093  INFO 24052 --- [restartedMain] o.s.b.w.e.t.TomcatWebServer              : Tomcat started on port(s): 8080 (http) with context path ''
2021-07-31 10:14:33.099  INFO 24052 --- [restartedMain] c.I.r.e.EGradebookApplication            : Started EGradebookApplication in 1.788 seconds (JVM running for 110.354)
2021-07-31 10:14:33.102  INFO 24052 --- [restartedMain] .ConditionEvaluationDeltaLoggingListener : Condition evaluation unchanged
2021-07-31 10:14:39.879  INFO 24052 --- [http-nio-8080-exec-2] o.a.c.c.C.[.[.[/]                        : Initializing Spring DispatcherServlet 'dispatcherServlet'
2021-07-31 10:14:39.880  INFO 24052 --- [http-nio-8080-exec-2] o.s.w.s.DispatcherServlet                : Initializing Servlet 'dispatcherServlet'
2021-07-31 10:14:39.883  INFO 24052 --- [http-nio-8080-exec-2] o.s.w.s.DispatcherServlet                : Completed initialization in 2 ms
2021-07-31 10:14:49.695  INFO 24052 --- [RMI TCP Connection(12)-127.0.0.1] inMXBeanRegistrar$SpringApplicationAdmin : Application shutdown requested.
2021-07-31 10:14:49.751  INFO 24052 --- [RMI TCP Connection(12)-127.0.0.1] j.LocalContainerEntityManagerFactoryBean : Closing JPA EntityManagerFactory for persistence unit 'default'
2021-07-31 10:14:49.752  INFO 24052 --- [RMI TCP Connection(12)-127.0.0.1] c.z.h.HikariDataSource                   : HikariPool-2 - Shutdown initiated...
2021-07-31 10:14:49.762  INFO 24052 --- [RMI TCP Connection(12)-127.0.0.1] c.z.h.HikariDataSource                   : HikariPool-2 - Shutdown completed.
2021-07-31 10:14:56.414  INFO 13288 --- [restartedMain] c.I.r.e.EGradebookApplication            : Starting EGradebookApplication using Java 15.0.2 on DESKTOP-6VBDC01 with PID 13288 (C:\Users\bdjuk\workspaceIKTPreobuka\e-gradebook\target\classes started by bdjuk in C:\Users\bdjuk\workspaceIKTPreobuka\e-gradebook)
2021-07-31 10:14:56.425  INFO 13288 --- [restartedMain] c.I.r.e.EGradebookApplication            : No active profile set, falling back to default profiles: default
2021-07-31 10:14:56.480  INFO 13288 --- [restartedMain] .e.DevToolsPropertyDefaultsPostProcessor : Devtools property defaults active! Set 'spring.devtools.add-properties' to 'false' to disable
2021-07-31 10:14:56.481  INFO 13288 --- [restartedMain] .e.DevToolsPropertyDefaultsPostProcessor : For additional web related logging consider setting the 'logging.level.web' property to 'DEBUG'
2021-07-31 10:14:57.583  INFO 13288 --- [restartedMain] .s.d.r.c.RepositoryConfigurationDelegate : Bootstrapping Spring Data JPA repositories in DEFAULT mode.
2021-07-31 10:14:57.770  INFO 13288 --- [restartedMain] .s.d.r.c.RepositoryConfigurationDelegate : Finished Spring Data repository scanning in 175 ms. Found 10 JPA repository interfaces.
2021-07-31 10:14:58.260  INFO 13288 --- [restartedMain] trationDelegate$BeanPostProcessorChecker : Bean 'org.springframework.security.access.expression.method.DefaultMethodSecurityExpressionHandler@231982a7' of type [org.springframework.security.access.expression.method.DefaultMethodSecurityExpressionHandler] is not eligible for getting processed by all BeanPostProcessors (for example: not eligible for auto-proxying)
2021-07-31 10:14:58.267  INFO 13288 --- [restartedMain] trationDelegate$BeanPostProcessorChecker : Bean 'methodSecurityMetadataSource' of type [org.springframework.security.access.method.DelegatingMethodSecurityMetadataSource] is not eligible for getting processed by all BeanPostProcessors (for example: not eligible for auto-proxying)
2021-07-31 10:14:58.642  INFO 13288 --- [restartedMain] o.s.b.w.e.t.TomcatWebServer              : Tomcat initialized with port(s): 8080 (http)
2021-07-31 10:14:58.656  INFO 13288 --- [restartedMain] o.a.c.c.StandardService                  : Starting service [Tomcat]
2021-07-31 10:14:58.657  INFO 13288 --- [restartedMain] o.a.c.c.StandardEngine                   : Starting Servlet engine: [Apache Tomcat/9.0.48]
2021-07-31 10:14:58.847  INFO 13288 --- [restartedMain] o.a.c.c.C.[.[.[/]                        : Initializing Spring embedded WebApplicationContext
2021-07-31 10:14:58.848  INFO 13288 --- [restartedMain] w.s.c.ServletWebServerApplicationContext : Root WebApplicationContext: initialization completed in 2366 ms
2021-07-31 10:14:59.499  INFO 13288 --- [restartedMain] c.z.h.HikariDataSource                   : HikariPool-1 - Starting...
2021-07-31 10:15:00.171  INFO 13288 --- [restartedMain] c.z.h.HikariDataSource                   : HikariPool-1 - Start completed.
2021-07-31 10:15:01.612  INFO 13288 --- [restartedMain] j.LocalContainerEntityManagerFactoryBean : Initialized JPA EntityManagerFactory for persistence unit 'default'
2021-07-31 10:15:01.688  WARN 13288 --- [restartedMain] JpaBaseConfiguration$JpaWebConfiguration : spring.jpa.open-in-view is enabled by default. Therefore, database queries may be performed during view rendering. Explicitly configure spring.jpa.open-in-view to disable this warning
2021-07-31 10:15:02.568  INFO 13288 --- [restartedMain] .s.s.UserDetailsServiceAutoConfiguration : 

Using generated security password: 36e609a8-02e8-4da9-85e0-2d1a9474304f

2021-07-31 10:15:02.917  INFO 13288 --- [restartedMain] o.s.s.w.DefaultSecurityFilterChain       : Will secure any request with [org.springframework.security.web.context.request.async.WebAsyncManagerIntegrationFilter@21f124d5, org.springframework.security.web.context.SecurityContextPersistenceFilter@aaaf2fd, org.springframework.security.web.header.HeaderWriterFilter@575580b9, org.springframework.web.filter.CorsFilter@30b7a1f9, org.springframework.security.web.authentication.logout.LogoutFilter@2ad8462c, com.IKTpreobuka.restExample.egradebook.config.JWTAuthorizationFilter@30b24172, org.springframework.security.web.savedrequest.RequestCacheAwareFilter@6c6e7608, org.springframework.security.web.servletapi.SecurityContextHolderAwareRequestFilter@6278a9ff, org.springframework.security.web.authentication.AnonymousAuthenticationFilter@31d7e248, org.springframework.security.web.session.SessionManagementFilter@3c439dcb, org.springframework.security.web.access.ExceptionTranslationFilter@56bf2e94, org.springframework.security.web.access.intercept.FilterSecurityInterceptor@23abc19c]
2021-07-31 10:15:03.074  WARN 13288 --- [restartedMain] ion$DefaultTemplateResolverConfiguration : Cannot find template location: classpath:/templates/ (please add some templates or check your Thymeleaf configuration)
2021-07-31 10:15:03.209  INFO 13288 --- [restartedMain] o.s.b.d.a.OptionalLiveReloadServer       : LiveReload server is running on port 35729
2021-07-31 10:15:03.267  INFO 13288 --- [restartedMain] o.s.b.w.e.t.TomcatWebServer              : Tomcat started on port(s): 8080 (http) with context path ''
2021-07-31 10:15:03.279  INFO 13288 --- [restartedMain] c.I.r.e.EGradebookApplication            : Started EGradebookApplication in 7.464 seconds (JVM running for 8.797)
2021-07-31 10:15:09.497  INFO 13288 --- [http-nio-8080-exec-2] o.a.c.c.C.[.[.[/]                        : Initializing Spring DispatcherServlet 'dispatcherServlet'
2021-07-31 10:15:09.497  INFO 13288 --- [http-nio-8080-exec-2] o.s.w.s.DispatcherServlet                : Initializing Servlet 'dispatcherServlet'
2021-07-31 10:15:09.499  INFO 13288 --- [http-nio-8080-exec-2] o.s.w.s.DispatcherServlet                : Completed initialization in 2 ms
2021-07-31 10:17:00.712  INFO 13288 --- [http-nio-8080-exec-4] c.I.r.e.c.AssignedController             : Assigned List -- FETCHED by: b.djukic
2021-07-31 10:38:08.159  WARN 13288 --- [HikariPool-1 housekeeper] c.z.h.p.HikariPool                       : HikariPool-1 - Thread starvation or clock leap detected (housekeeper delta=1m37s578ms344µs300ns).
2021-07-31 10:39:20.591  INFO 13288 --- [http-nio-8080-exec-10] c.I.r.e.c.StudentController              : Student ID: 194, username: a.mitic -- CREATED by: b.djukic
2021-07-31 10:42:22.777  INFO 13288 --- [http-nio-8080-exec-7] c.I.r.e.c.SigninController               : com.IKTpreobuka.restExample.egradebook.entities.StudentEntity@226d8d0 : JWTToken granted.
2021-07-31 10:42:22.778  INFO 13288 --- [http-nio-8080-exec-7] c.I.r.e.c.SigninController               : n.mitrovic : logged in.
2021-07-31 10:42:40.496  INFO 13288 --- [http-nio-8080-exec-8] c.I.r.e.c.ParentController               : Parent ID: 195, username: i.mitic -- CREATED by: b.djukic
2021-07-31 10:43:51.862  INFO 13288 --- [http-nio-8080-exec-1] c.I.r.e.c.StudentController              : Student ID: 194connected to Parent ID: 195 -- CONNECTED by: b.djukic
2021-07-31 10:45:12.805  INFO 13288 --- [http-nio-8080-exec-5] c.I.r.e.c.SubjectController              : Subject ID: 145912320 -- CREATED by: b.djukic
2021-07-31 10:46:00.261  INFO 13288 --- [http-nio-8080-exec-7] c.I.r.e.c.TeacherController              : Teacher ID: 197, username: milos.vujic -- CREATED by: b.djukic
2021-07-31 10:47:17.256  INFO 13288 --- [http-nio-8080-exec-9] c.I.r.e.c.AssignedController             : Subject ID: 196 assigned to Teacher ID: 197 -- MADE by: b.djukic
2021-07-31 10:48:02.621  INFO 13288 --- [http-nio-8080-exec-1] c.I.r.e.c.StudentFileController          : Student ID: 194 assigned to Assigned ID: 198 -- MADE by: b.djukic
2021-07-31 10:49:42.851  INFO 13288 --- [http-nio-8080-exec-6] c.I.r.e.s.EmailServiceImpl               : newGrade email sent to: i.mitic@gmail.com
2021-07-31 10:49:42.852  INFO 13288 --- [http-nio-8080-exec-6] c.I.r.e.c.GradeController                : Student ID: 194 graded with mark: 5 -- GRADED by: b.djukic
2021-07-31 10:49:42.853  INFO 13288 --- [http-nio-8080-exec-6] c.I.r.e.c.GradeController                : An email has been sent to : i.mitic@gmail.com -- SENT by: b.djukic
2021-07-31 10:50:37.832  INFO 13288 --- [http-nio-8080-exec-7] c.I.r.e.c.SigninController               : com.IKTpreobuka.restExample.egradebook.entities.AdminEntity@2023fb55 : JWTToken granted.
2021-07-31 10:50:37.832  INFO 13288 --- [http-nio-8080-exec-7] c.I.r.e.c.SigninController               : b.djukic : logged in.
2021-07-31 10:50:51.607  INFO 13288 --- [http-nio-8080-exec-8] c.I.r.e.c.SigninController               : com.IKTpreobuka.restExample.egradebook.entities.AdminEntity@728b39dd : JWTToken granted.
2021-07-31 10:50:51.607  INFO 13288 --- [http-nio-8080-exec-8] c.I.r.e.c.SigninController               : b.djukic : logged in.
2021-07-31 10:54:13.708  INFO 13288 --- [Thread-5] j.LocalContainerEntityManagerFactoryBean : Closing JPA EntityManagerFactory for persistence unit 'default'
2021-07-31 10:54:13.711  INFO 13288 --- [Thread-5] c.z.h.HikariDataSource                   : HikariPool-1 - Shutdown initiated...
2021-07-31 10:54:13.716  INFO 13288 --- [Thread-5] c.z.h.HikariDataSource                   : HikariPool-1 - Shutdown completed.
2021-07-31 10:54:13.805  INFO 13288 --- [restartedMain] c.I.r.e.EGradebookApplication            : Starting EGradebookApplication using Java 15.0.2 on DESKTOP-6VBDC01 with PID 13288 (C:\Users\bdjuk\workspaceIKTPreobuka\e-gradebook\target\classes started by bdjuk in C:\Users\bdjuk\workspaceIKTPreobuka\e-gradebook)
2021-07-31 10:54:13.806  INFO 13288 --- [restartedMain] c.I.r.e.EGradebookApplication            : No active profile set, falling back to default profiles: default
2021-07-31 10:54:14.030  INFO 13288 --- [restartedMain] .s.d.r.c.RepositoryConfigurationDelegate : Bootstrapping Spring Data JPA repositories in DEFAULT mode.
2021-07-31 10:54:14.075  INFO 13288 --- [restartedMain] .s.d.r.c.RepositoryConfigurationDelegate : Finished Spring Data repository scanning in 44 ms. Found 10 JPA repository interfaces.
2021-07-31 10:54:14.156  INFO 13288 --- [restartedMain] trationDelegate$BeanPostProcessorChecker : Bean 'org.springframework.security.access.expression.method.DefaultMethodSecurityExpressionHandler@b3f73ce' of type [org.springframework.security.access.expression.method.DefaultMethodSecurityExpressionHandler] is not eligible for getting processed by all BeanPostProcessors (for example: not eligible for auto-proxying)
2021-07-31 10:54:14.158  INFO 13288 --- [restartedMain] trationDelegate$BeanPostProcessorChecker : Bean 'methodSecurityMetadataSource' of type [org.springframework.security.access.method.DelegatingMethodSecurityMetadataSource] is not eligible for getting processed by all BeanPostProcessors (for example: not eligible for auto-proxying)
2021-07-31 10:54:14.201  INFO 13288 --- [restartedMain] o.s.b.w.e.t.TomcatWebServer              : Tomcat initialized with port(s): 8080 (http)
2021-07-31 10:54:14.202  INFO 13288 --- [restartedMain] o.a.c.c.StandardService                  : Starting service [Tomcat]
2021-07-31 10:54:14.202  INFO 13288 --- [restartedMain] o.a.c.c.StandardEngine                   : Starting Servlet engine: [Apache Tomcat/9.0.48]
2021-07-31 10:54:14.219  INFO 13288 --- [restartedMain] o.a.c.c.C.[.[.[/]                        : Initializing Spring embedded WebApplicationContext
2021-07-31 10:54:14.219  INFO 13288 --- [restartedMain] w.s.c.ServletWebServerApplicationContext : Root WebApplicationContext: initialization completed in 412 ms
2021-07-31 10:54:14.266  INFO 13288 --- [restartedMain] c.z.h.HikariDataSource                   : HikariPool-2 - Starting...
2021-07-31 10:54:14.282  INFO 13288 --- [restartedMain] c.z.h.HikariDataSource                   : HikariPool-2 - Start completed.
2021-07-31 10:54:18.738  INFO 7888 --- [restartedMain] c.I.r.e.EGradebookApplication            : Starting EGradebookApplication using Java 15.0.2 on DESKTOP-6VBDC01 with PID 7888 (C:\Users\bdjuk\workspaceIKTPreobuka\e-gradebook\target\classes started by bdjuk in C:\Users\bdjuk\workspaceIKTPreobuka\e-gradebook)
2021-07-31 10:54:18.746  INFO 7888 --- [restartedMain] c.I.r.e.EGradebookApplication            : No active profile set, falling back to default profiles: default
2021-07-31 10:54:18.781  INFO 7888 --- [restartedMain] .e.DevToolsPropertyDefaultsPostProcessor : Devtools property defaults active! Set 'spring.devtools.add-properties' to 'false' to disable
2021-07-31 10:54:18.781  INFO 7888 --- [restartedMain] .e.DevToolsPropertyDefaultsPostProcessor : For additional web related logging consider setting the 'logging.level.web' property to 'DEBUG'
2021-07-31 10:54:19.421  INFO 7888 --- [restartedMain] .s.d.r.c.RepositoryConfigurationDelegate : Bootstrapping Spring Data JPA repositories in DEFAULT mode.
2021-07-31 10:54:19.508  INFO 7888 --- [restartedMain] .s.d.r.c.RepositoryConfigurationDelegate : Finished Spring Data repository scanning in 81 ms. Found 10 JPA repository interfaces.
2021-07-31 10:54:19.825  INFO 7888 --- [restartedMain] trationDelegate$BeanPostProcessorChecker : Bean 'org.springframework.security.access.expression.method.DefaultMethodSecurityExpressionHandler@59d13c29' of type [org.springframework.security.access.expression.method.DefaultMethodSecurityExpressionHandler] is not eligible for getting processed by all BeanPostProcessors (for example: not eligible for auto-proxying)
2021-07-31 10:54:19.830  INFO 7888 --- [restartedMain] trationDelegate$BeanPostProcessorChecker : Bean 'methodSecurityMetadataSource' of type [org.springframework.security.access.method.DelegatingMethodSecurityMetadataSource] is not eligible for getting processed by all BeanPostProcessors (for example: not eligible for auto-proxying)
2021-07-31 10:54:20.057  INFO 7888 --- [restartedMain] o.s.b.w.e.t.TomcatWebServer              : Tomcat initialized with port(s): 8080 (http)
2021-07-31 10:54:20.065  INFO 7888 --- [restartedMain] o.a.c.c.StandardService                  : Starting service [Tomcat]
2021-07-31 10:54:20.066  INFO 7888 --- [restartedMain] o.a.c.c.StandardEngine                   : Starting Servlet engine: [Apache Tomcat/9.0.48]
2021-07-31 10:54:20.156  INFO 7888 --- [restartedMain] o.a.c.c.C.[.[.[/]                        : Initializing Spring embedded WebApplicationContext
2021-07-31 10:54:20.156  INFO 7888 --- [restartedMain] w.s.c.ServletWebServerApplicationContext : Root WebApplicationContext: initialization completed in 1374 ms
2021-07-31 10:54:20.515  INFO 7888 --- [restartedMain] c.z.h.HikariDataSource                   : HikariPool-1 - Starting...
2021-07-31 10:54:20.787  INFO 7888 --- [restartedMain] c.z.h.HikariDataSource                   : HikariPool-1 - Start completed.
2021-07-31 10:54:21.650  INFO 7888 --- [restartedMain] j.LocalContainerEntityManagerFactoryBean : Initialized JPA EntityManagerFactory for persistence unit 'default'
2021-07-31 10:54:21.692  WARN 7888 --- [restartedMain] JpaBaseConfiguration$JpaWebConfiguration : spring.jpa.open-in-view is enabled by default. Therefore, database queries may be performed during view rendering. Explicitly configure spring.jpa.open-in-view to disable this warning
2021-07-31 10:54:22.237  INFO 7888 --- [restartedMain] .s.s.UserDetailsServiceAutoConfiguration : 

Using generated security password: 880435f1-eabc-4305-99f6-d762970e70f0

2021-07-31 10:54:22.444  INFO 7888 --- [restartedMain] o.s.s.w.DefaultSecurityFilterChain       : Will secure any request with [org.springframework.security.web.context.request.async.WebAsyncManagerIntegrationFilter@2a2bc720, org.springframework.security.web.context.SecurityContextPersistenceFilter@12a6ad9b, org.springframework.security.web.header.HeaderWriterFilter@5532baf9, org.springframework.web.filter.CorsFilter@64916ab4, org.springframework.security.web.authentication.logout.LogoutFilter@40aea163, com.IKTpreobuka.restExample.egradebook.config.JWTAuthorizationFilter@3ada5c23, org.springframework.security.web.savedrequest.RequestCacheAwareFilter@77185f5, org.springframework.security.web.servletapi.SecurityContextHolderAwareRequestFilter@6c17767e, org.springframework.security.web.authentication.AnonymousAuthenticationFilter@57855ec8, org.springframework.security.web.session.SessionManagementFilter@7d5bb6ba, org.springframework.security.web.access.ExceptionTranslationFilter@7dcfa2b2, org.springframework.security.web.access.intercept.FilterSecurityInterceptor@4ffb01a7]
2021-07-31 10:54:22.558  WARN 7888 --- [restartedMain] ion$DefaultTemplateResolverConfiguration : Cannot find template location: classpath:/templates/ (please add some templates or check your Thymeleaf configuration)
2021-07-31 10:54:22.655  INFO 7888 --- [restartedMain] o.s.b.d.a.OptionalLiveReloadServer       : LiveReload server is running on port 35729
2021-07-31 10:54:22.693  INFO 7888 --- [restartedMain] o.s.b.w.e.t.TomcatWebServer              : Tomcat started on port(s): 8080 (http) with context path ''
2021-07-31 10:54:22.701  INFO 7888 --- [restartedMain] c.I.r.e.EGradebookApplication            : Started EGradebookApplication in 4.333 seconds (JVM running for 5.138)
2021-07-31 10:54:28.491  INFO 7888 --- [http-nio-8080-exec-1] o.a.c.c.C.[.[.[/]                        : Initializing Spring DispatcherServlet 'dispatcherServlet'
2021-07-31 10:54:28.491  INFO 7888 --- [http-nio-8080-exec-1] o.s.w.s.DispatcherServlet                : Initializing Servlet 'dispatcherServlet'
2021-07-31 10:54:28.492  INFO 7888 --- [http-nio-8080-exec-1] o.s.w.s.DispatcherServlet                : Completed initialization in 1 ms
2021-07-31 10:54:28.946  INFO 7888 --- [http-nio-8080-exec-1] c.I.r.e.c.ParentController               : Parent ID: 203, username: marko.djukic -- CREATED by: b.djukic
2021-07-31 10:55:38.202  INFO 7888 --- [http-nio-8080-exec-3] c.I.r.e.c.StudentController              : Student ID: 204, username: uros.djukic -- CREATED by: b.djukic
2021-07-31 10:55:54.100  INFO 7888 --- [http-nio-8080-exec-9] c.I.r.e.c.StudentController              : Student ID: 205, username: milica.djukic -- CREATED by: b.djukic
2021-07-31 10:56:43.870  INFO 7888 --- [http-nio-8080-exec-6] c.I.r.e.c.StudentController              : Student ID: 204connected to Parent ID: 203 -- CONNECTED by: b.djukic
2021-07-31 10:56:51.563  INFO 7888 --- [http-nio-8080-exec-10] c.I.r.e.c.StudentController              : Student ID: 205connected to Parent ID: 203 -- CONNECTED by: b.djukic
2021-07-31 10:57:36.594  INFO 7888 --- [http-nio-8080-exec-7] c.I.r.e.c.SubjectController              : Subject ID: 67621845 -- CREATED by: b.djukic
2021-07-31 10:58:19.939  INFO 7888 --- [http-nio-8080-exec-1] c.I.r.e.c.TeacherController              : Teacher ID: 207, username: i.vujic -- CREATED by: b.djukic
2021-07-31 10:58:52.186  INFO 7888 --- [http-nio-8080-exec-4] c.I.r.e.c.AssignedController             : Subject ID: 206 assigned to Teacher ID: 207 -- MADE by: b.djukic
2021-07-31 10:59:19.549  INFO 7888 --- [http-nio-8080-exec-2] c.I.r.e.c.StudentFileController          : Student ID: 204 assigned to Assigned ID: 208 -- MADE by: b.djukic
2021-07-31 10:59:35.884  INFO 7888 --- [http-nio-8080-exec-8] c.I.r.e.c.StudentFileController          : Student ID: 205 assigned to Assigned ID: 208 -- MADE by: b.djukic
2021-07-31 11:00:53.888  INFO 7888 --- [http-nio-8080-exec-9] c.I.r.e.s.EmailServiceImpl               : newGrade email sent to: b.djukic.tur@gmail.com
2021-07-31 11:00:53.888  INFO 7888 --- [http-nio-8080-exec-9] c.I.r.e.c.GradeController                : Student ID: 204 graded with mark: 5 -- GRADED by: b.djukic
2021-07-31 11:00:53.890  INFO 7888 --- [http-nio-8080-exec-9] c.I.r.e.c.GradeController                : An email has been sent to : b.djukic.tur@gmail.com -- SENT by: b.djukic
2021-07-31 11:01:28.057  INFO 7888 --- [http-nio-8080-exec-10] c.I.r.e.c.SigninController               : com.IKTpreobuka.restExample.egradebook.entities.TeacherEntity@5eb54b0e : JWTToken granted.
2021-07-31 11:01:28.058  INFO 7888 --- [http-nio-8080-exec-10] c.I.r.e.c.SigninController               : i.vujic : logged in.
2021-07-31 11:01:40.571  INFO 7888 --- [http-nio-8080-exec-7] c.I.r.e.c.SigninController               : com.IKTpreobuka.restExample.egradebook.entities.TeacherEntity@1a322c66 : JWTToken granted.
2021-07-31 11:01:40.571  INFO 7888 --- [http-nio-8080-exec-7] c.I.r.e.c.SigninController               : i.vujic : logged in.
2021-07-31 11:02:24.114  INFO 7888 --- [http-nio-8080-exec-1] c.I.r.e.s.EmailServiceImpl               : newGrade email sent to: b.djukic.tur@gmail.com
2021-07-31 11:02:24.115  INFO 7888 --- [http-nio-8080-exec-1] c.I.r.e.c.GradeController                : Student ID: 205 graded with mark: 5 -- GRADED by: i.vujic
2021-07-31 11:02:24.116  INFO 7888 --- [http-nio-8080-exec-1] c.I.r.e.c.GradeController                : An email has been sent to : b.djukic.tur@gmail.com -- SENT by: i.vujic
2021-07-31 11:03:35.142  INFO 7888 --- [http-nio-8080-exec-2] c.I.r.e.c.SigninController               : com.IKTpreobuka.restExample.egradebook.entities.ParentEntity@362b5606 : JWTToken granted.
2021-07-31 11:03:35.142  INFO 7888 --- [http-nio-8080-exec-2] c.I.r.e.c.SigninController               : marko.djukic : logged in.
2021-07-31 11:03:48.491  INFO 7888 --- [http-nio-8080-exec-8] c.I.r.e.c.SigninController               : com.IKTpreobuka.restExample.egradebook.entities.ParentEntity@63dee56 : JWTToken granted.
2021-07-31 11:03:48.491  INFO 7888 --- [http-nio-8080-exec-8] c.I.r.e.c.SigninController               : marko.djukic : logged in.
2021-07-31 11:04:26.747  INFO 7888 --- [http-nio-8080-exec-3] c.I.r.e.c.StudentController              : Children files -- FETCHED by: marko.djukic
2021-07-31 11:05:25.218  INFO 7888 --- [http-nio-8080-exec-6] c.I.r.e.c.AssignedController             : Assigned ID: 198 -- DELETED by: b.djukic
2021-07-31 11:06:00.243  INFO 7888 --- [http-nio-8080-exec-9] c.I.r.e.c.ParentController               : PArent ID: 195, username: i.mitic -- DELETED by: b.djukic
2021-07-31 11:06:27.774  INFO 7888 --- [http-nio-8080-exec-7] c.I.r.e.c.StudentController              : Student ID: 194, username: a.mitic -- DELETED by: b.djukic
2021-07-31 11:06:56.331  INFO 7888 --- [http-nio-8080-exec-1] c.I.r.e.c.SubjectController              : Subject ID: 196 -- DELETED by: b.djukic
2021-07-31 11:07:20.699  INFO 7888 --- [http-nio-8080-exec-4] c.I.r.e.c.TeacherController              : Teacher ID: 197, username: milos.vujic -- DELETED by: b.djukic
2021-07-31 11:08:27.043  INFO 7888 --- [http-nio-8080-exec-2] c.I.r.e.c.StudentFileController          : StudentFile ID: 200 -- DELETED by: b.djukic
2021-07-31 11:09:00.631  INFO 7888 --- [http-nio-8080-exec-8] c.I.r.e.c.GradeController                : Grade ID: 201 -- DELETED by: b.djukic
2021-07-31 11:09:04.983  INFO 7888 --- [http-nio-8080-exec-3] c.I.r.e.c.GradeController                : Grade ID: 202 -- DELETED by: b.djukic
2021-07-31 11:12:10.108  INFO 7888 --- [http-nio-8080-exec-5] c.I.r.e.c.SigninController               : com.IKTpreobuka.restExample.egradebook.entities.TeacherEntity@25f8862c : JWTToken granted.
2021-07-31 11:12:10.109  INFO 7888 --- [http-nio-8080-exec-5] c.I.r.e.c.SigninController               : i.vujic : logged in.
2021-07-31 11:12:21.056  INFO 7888 --- [http-nio-8080-exec-2] c.I.r.e.c.SigninController               : com.IKTpreobuka.restExample.egradebook.entities.TeacherEntity@62bce5df : JWTToken granted.
2021-07-31 11:12:21.056  INFO 7888 --- [http-nio-8080-exec-2] c.I.r.e.c.SigninController               : i.vujic : logged in.
2021-07-31 11:13:00.059  INFO 7888 --- [http-nio-8080-exec-8] c.I.r.e.c.TeacherController              : Fetched ElderClass by Teacher ID: 207 -- FETCHED by: i.vujic
2021-07-31 11:13:22.082  INFO 7888 --- [http-nio-8080-exec-3] c.I.r.e.c.TeacherController              : Fetched Files by Teacher ID: 207 -- FETCHED by: i.vujic
2021-07-31 11:14:32.123  INFO 7888 --- [http-nio-8080-exec-10] c.I.r.e.c.SigninController               : com.IKTpreobuka.restExample.egradebook.entities.AdminEntity@341ec5f9 : JWTToken granted.
2021-07-31 11:14:32.124  INFO 7888 --- [http-nio-8080-exec-10] c.I.r.e.c.SigninController               : b.djukic : logged in.
2021-07-31 11:15:02.790  INFO 7888 --- [http-nio-8080-exec-7] c.I.r.e.c.SigninController               : com.IKTpreobuka.restExample.egradebook.entities.AdminEntity@4503694 : JWTToken granted.
2021-07-31 11:15:02.791  INFO 7888 --- [http-nio-8080-exec-7] c.I.r.e.c.SigninController               : b.djukic : logged in.
2021-07-31 11:15:31.407  INFO 7888 --- [http-nio-8080-exec-4] c.I.r.e.c.SchoolClassController          : SchoolClass ID: 214 -- CREATED by: b.djukic
2021-07-31 11:16:08.227  INFO 7888 --- [http-nio-8080-exec-5] c.I.r.e.c.SchoolClassController          : SchoolClass ID: 214connected to Elder(Teacher) ID: 207 -- FETCHED by: b.djukic
2021-07-31 11:16:55.211  INFO 7888 --- [http-nio-8080-exec-2] c.I.r.e.c.StudentController              : Student ID: 204connected to SchoolClass ID: 214 -- CONNECTED by: b.djukic
2021-07-31 11:16:59.742  INFO 7888 --- [http-nio-8080-exec-8] c.I.r.e.c.StudentController              : Student ID: 205connected to SchoolClass ID: 214 -- CONNECTED by: b.djukic
2021-07-31 11:17:05.375  INFO 7888 --- [http-nio-8080-exec-3] c.I.r.e.c.TeacherController              : Fetched ElderClass by Teacher ID: 207 -- FETCHED by: i.vujic
2021-07-31 11:17:32.014  INFO 7888 --- [http-nio-8080-exec-6] c.I.r.e.c.TeacherController              : Fetched Report for MyClass by Teacher ID: 207 -- FETCHED by: i.vujic
2021-07-31 11:18:40.937  INFO 7888 --- [http-nio-8080-exec-10] c.I.r.e.c.StudentFileController          : Student ID: 204 assigned to Assigned ID: 74 -- MADE by: b.djukic
2021-07-31 11:18:46.220  INFO 7888 --- [http-nio-8080-exec-7] c.I.r.e.c.StudentFileController          : Student ID: 205 assigned to Assigned ID: 74 -- MADE by: b.djukic
2021-07-31 11:19:38.909  INFO 7888 --- [http-nio-8080-exec-1] c.I.r.e.c.StudentFileController          : Student ID: 205 assigned to Assigned ID: 65 -- MADE by: b.djukic
2021-07-31 11:19:42.789  INFO 7888 --- [http-nio-8080-exec-4] c.I.r.e.c.StudentFileController          : Student ID: 205 assigned to Assigned ID: 64 -- MADE by: b.djukic
2021-07-31 11:19:47.748  INFO 7888 --- [http-nio-8080-exec-5] c.I.r.e.c.StudentFileController          : Student ID: 204 assigned to Assigned ID: 64 -- MADE by: b.djukic
2021-07-31 11:19:59.262  INFO 7888 --- [http-nio-8080-exec-8] c.I.r.e.c.StudentFileController          : Student ID: 204 assigned to Assigned ID: 65 -- MADE by: b.djukic
2021-07-31 11:20:18.291  INFO 7888 --- [http-nio-8080-exec-3] c.I.r.e.c.TeacherController              : Fetched ElderClass by Teacher ID: 207 -- FETCHED by: i.vujic
2021-07-31 11:20:41.536  INFO 7888 --- [http-nio-8080-exec-6] c.I.r.e.c.TeacherController              : Fetched Report for MyClass by Teacher ID: 207 -- FETCHED by: i.vujic
2021-07-31 11:22:30.536  INFO 7888 --- [http-nio-8080-exec-7] c.I.r.e.c.SchoolClassController          : SchoolClass ID: 112 -- DELETED by: b.djukic
2021-07-31 11:25:01.671  INFO 7888 --- [RMI TCP Connection(40)-127.0.0.1] inMXBeanRegistrar$SpringApplicationAdmin : Application shutdown requested.
2021-07-31 11:25:01.707  INFO 7888 --- [RMI TCP Connection(40)-127.0.0.1] j.LocalContainerEntityManagerFactoryBean : Closing JPA EntityManagerFactory for persistence unit 'default'
2021-07-31 11:25:01.710  INFO 7888 --- [RMI TCP Connection(40)-127.0.0.1] c.z.h.HikariDataSource                   : HikariPool-1 - Shutdown initiated...
2021-07-31 11:25:01.715  INFO 7888 --- [RMI TCP Connection(40)-127.0.0.1] c.z.h.HikariDataSource                   : HikariPool-1 - Shutdown completed.
2021-07-31 11:25:06.671  INFO 27072 --- [restartedMain] c.I.r.e.EGradebookApplication            : Starting EGradebookApplication using Java 15.0.2 on DESKTOP-6VBDC01 with PID 27072 (C:\Users\bdjuk\workspaceIKTPreobuka\e-gradebook\target\classes started by bdjuk in C:\Users\bdjuk\workspaceIKTPreobuka\e-gradebook)
2021-07-31 11:25:06.678  INFO 27072 --- [restartedMain] c.I.r.e.EGradebookApplication            : No active profile set, falling back to default profiles: default
2021-07-31 11:25:06.714  INFO 27072 --- [restartedMain] .e.DevToolsPropertyDefaultsPostProcessor : Devtools property defaults active! Set 'spring.devtools.add-properties' to 'false' to disable
2021-07-31 11:25:06.714  INFO 27072 --- [restartedMain] .e.DevToolsPropertyDefaultsPostProcessor : For additional web related logging consider setting the 'logging.level.web' property to 'DEBUG'
2021-07-31 11:25:07.359  INFO 27072 --- [restartedMain] .s.d.r.c.RepositoryConfigurationDelegate : Bootstrapping Spring Data JPA repositories in DEFAULT mode.
2021-07-31 11:25:07.449  INFO 27072 --- [restartedMain] .s.d.r.c.RepositoryConfigurationDelegate : Finished Spring Data repository scanning in 83 ms. Found 10 JPA repository interfaces.
2021-07-31 11:25:07.759  INFO 27072 --- [restartedMain] trationDelegate$BeanPostProcessorChecker : Bean 'org.springframework.security.access.expression.method.DefaultMethodSecurityExpressionHandler@68d972bd' of type [org.springframework.security.access.expression.method.DefaultMethodSecurityExpressionHandler] is not eligible for getting processed by all BeanPostProcessors (for example: not eligible for auto-proxying)
2021-07-31 11:25:07.764  INFO 27072 --- [restartedMain] trationDelegate$BeanPostProcessorChecker : Bean 'methodSecurityMetadataSource' of type [org.springframework.security.access.method.DelegatingMethodSecurityMetadataSource] is not eligible for getting processed by all BeanPostProcessors (for example: not eligible for auto-proxying)
2021-07-31 11:25:07.989  INFO 27072 --- [restartedMain] o.s.b.w.e.t.TomcatWebServer              : Tomcat initialized with port(s): 8080 (http)
2021-07-31 11:25:07.997  INFO 27072 --- [restartedMain] o.a.c.c.StandardService                  : Starting service [Tomcat]
2021-07-31 11:25:07.997  INFO 27072 --- [restartedMain] o.a.c.c.StandardEngine                   : Starting Servlet engine: [Apache Tomcat/9.0.48]
2021-07-31 11:25:08.078  INFO 27072 --- [restartedMain] o.a.c.c.C.[.[.[/]                        : Initializing Spring embedded WebApplicationContext
2021-07-31 11:25:08.078  INFO 27072 --- [restartedMain] w.s.c.ServletWebServerApplicationContext : Root WebApplicationContext: initialization completed in 1363 ms
2021-07-31 11:25:08.445  INFO 27072 --- [restartedMain] c.z.h.HikariDataSource                   : HikariPool-1 - Starting...
2021-07-31 11:25:08.745  INFO 27072 --- [restartedMain] c.z.h.HikariDataSource                   : HikariPool-1 - Start completed.
2021-07-31 11:25:09.658  INFO 27072 --- [restartedMain] j.LocalContainerEntityManagerFactoryBean : Initialized JPA EntityManagerFactory for persistence unit 'default'
2021-07-31 11:25:09.708  WARN 27072 --- [restartedMain] JpaBaseConfiguration$JpaWebConfiguration : spring.jpa.open-in-view is enabled by default. Therefore, database queries may be performed during view rendering. Explicitly configure spring.jpa.open-in-view to disable this warning
2021-07-31 11:25:10.320  INFO 27072 --- [restartedMain] .s.s.UserDetailsServiceAutoConfiguration : 

Using generated security password: f6b3d13c-3018-445b-9dbb-d62b921faa93

2021-07-31 11:25:10.524  INFO 27072 --- [restartedMain] o.s.s.w.DefaultSecurityFilterChain       : Will secure any request with [org.springframework.security.web.context.request.async.WebAsyncManagerIntegrationFilter@6b1ece2c, org.springframework.security.web.context.SecurityContextPersistenceFilter@5002cbfc, org.springframework.security.web.header.HeaderWriterFilter@20f45e22, org.springframework.web.filter.CorsFilter@73083f57, org.springframework.security.web.authentication.logout.LogoutFilter@7f5a7f64, com.IKTpreobuka.restExample.egradebook.config.JWTAuthorizationFilter@5bd8e39d, org.springframework.security.web.savedrequest.RequestCacheAwareFilter@1e54ad90, org.springframework.security.web.servletapi.SecurityContextHolderAwareRequestFilter@d9ac4b9, org.springframework.security.web.authentication.AnonymousAuthenticationFilter@4fc37289, org.springframework.security.web.session.SessionManagementFilter@659b6a6f, org.springframework.security.web.access.ExceptionTranslationFilter@5bbc1bcb, org.springframework.security.web.access.intercept.FilterSecurityInterceptor@5cb02ae8]
2021-07-31 11:25:10.641  WARN 27072 --- [restartedMain] ion$DefaultTemplateResolverConfiguration : Cannot find template location: classpath:/templates/ (please add some templates or check your Thymeleaf configuration)
2021-07-31 11:25:10.743  INFO 27072 --- [restartedMain] o.s.b.d.a.OptionalLiveReloadServer       : LiveReload server is running on port 35729
2021-07-31 11:25:10.788  INFO 27072 --- [restartedMain] o.s.b.w.e.t.TomcatWebServer              : Tomcat started on port(s): 8080 (http) with context path ''
2021-07-31 11:25:10.796  INFO 27072 --- [restartedMain] c.I.r.e.EGradebookApplication            : Started EGradebookApplication in 4.505 seconds (JVM running for 5.359)
2021-07-31 11:47:11.090  WARN 27072 --- [HikariPool-1 housekeeper] c.z.h.p.HikariPool                       : HikariPool-1 - Thread starvation or clock leap detected (housekeeper delta=12m2s82ms828µs500ns).
2021-07-31 11:47:48.273  INFO 27072 --- [RMI TCP Connection(19)-127.0.0.1] inMXBeanRegistrar$SpringApplicationAdmin : Application shutdown requested.
2021-07-31 11:47:48.322  INFO 27072 --- [RMI TCP Connection(19)-127.0.0.1] j.LocalContainerEntityManagerFactoryBean : Closing JPA EntityManagerFactory for persistence unit 'default'
2021-07-31 11:47:48.326  INFO 27072 --- [RMI TCP Connection(19)-127.0.0.1] c.z.h.HikariDataSource                   : HikariPool-1 - Shutdown initiated...
2021-07-31 11:47:48.340  INFO 27072 --- [RMI TCP Connection(19)-127.0.0.1] c.z.h.HikariDataSource                   : HikariPool-1 - Shutdown completed.
2021-07-31 11:47:59.838  INFO 31280 --- [restartedMain] c.I.r.e.EGradebookApplication            : Starting EGradebookApplication using Java 15.0.2 on DESKTOP-6VBDC01 with PID 31280 (C:\Users\bdjuk\workspaceIKTPreobuka\e-gradebook\target\classes started by bdjuk in C:\Users\bdjuk\workspaceIKTPreobuka\e-gradebook)
2021-07-31 11:47:59.850  INFO 31280 --- [restartedMain] c.I.r.e.EGradebookApplication            : No active profile set, falling back to default profiles: default
2021-07-31 11:47:59.907  INFO 31280 --- [restartedMain] .e.DevToolsPropertyDefaultsPostProcessor : Devtools property defaults active! Set 'spring.devtools.add-properties' to 'false' to disable
2021-07-31 11:47:59.907  INFO 31280 --- [restartedMain] .e.DevToolsPropertyDefaultsPostProcessor : For additional web related logging consider setting the 'logging.level.web' property to 'DEBUG'
2021-07-31 11:48:00.915  INFO 31280 --- [restartedMain] .s.d.r.c.RepositoryConfigurationDelegate : Bootstrapping Spring Data JPA repositories in DEFAULT mode.
2021-07-31 11:48:01.045  INFO 31280 --- [restartedMain] .s.d.r.c.RepositoryConfigurationDelegate : Finished Spring Data repository scanning in 119 ms. Found 10 JPA repository interfaces.
2021-07-31 11:48:01.534  INFO 31280 --- [restartedMain] trationDelegate$BeanPostProcessorChecker : Bean 'org.springframework.security.access.expression.method.DefaultMethodSecurityExpressionHandler@7212d599' of type [org.springframework.security.access.expression.method.DefaultMethodSecurityExpressionHandler] is not eligible for getting processed by all BeanPostProcessors (for example: not eligible for auto-proxying)
2021-07-31 11:48:01.540  INFO 31280 --- [restartedMain] trationDelegate$BeanPostProcessorChecker : Bean 'methodSecurityMetadataSource' of type [org.springframework.security.access.method.DelegatingMethodSecurityMetadataSource] is not eligible for getting processed by all BeanPostProcessors (for example: not eligible for auto-proxying)
2021-07-31 11:48:01.881  INFO 31280 --- [restartedMain] o.s.b.w.e.t.TomcatWebServer              : Tomcat initialized with port(s): 8080 (http)
2021-07-31 11:48:01.892  INFO 31280 --- [restartedMain] o.a.c.c.StandardService                  : Starting service [Tomcat]
2021-07-31 11:48:01.893  INFO 31280 --- [restartedMain] o.a.c.c.StandardEngine                   : Starting Servlet engine: [Apache Tomcat/9.0.48]
2021-07-31 11:48:02.027  INFO 31280 --- [restartedMain] o.a.c.c.C.[.[.[/]                        : Initializing Spring embedded WebApplicationContext
2021-07-31 11:48:02.028  INFO 31280 --- [restartedMain] w.s.c.ServletWebServerApplicationContext : Root WebApplicationContext: initialization completed in 2119 ms
2021-07-31 11:48:02.604  INFO 31280 --- [restartedMain] c.z.h.HikariDataSource                   : HikariPool-1 - Starting...
2021-07-31 11:48:03.123  INFO 31280 --- [restartedMain] c.z.h.HikariDataSource                   : HikariPool-1 - Start completed.
2021-07-31 11:48:04.489  INFO 31280 --- [restartedMain] j.LocalContainerEntityManagerFactoryBean : Initialized JPA EntityManagerFactory for persistence unit 'default'
2021-07-31 11:48:04.552  WARN 31280 --- [restartedMain] JpaBaseConfiguration$JpaWebConfiguration : spring.jpa.open-in-view is enabled by default. Therefore, database queries may be performed during view rendering. Explicitly configure spring.jpa.open-in-view to disable this warning
2021-07-31 11:48:05.390  INFO 31280 --- [restartedMain] .s.s.UserDetailsServiceAutoConfiguration : 

Using generated security password: 59c9ddd9-8612-49ed-94ef-e58e69a445f1

2021-07-31 11:48:05.754  INFO 31280 --- [restartedMain] o.s.s.w.DefaultSecurityFilterChain       : Will secure any request with [org.springframework.security.web.context.request.async.WebAsyncManagerIntegrationFilter@1d36393b, org.springframework.security.web.context.SecurityContextPersistenceFilter@30ee198f, org.springframework.security.web.header.HeaderWriterFilter@5a5220db, org.springframework.web.filter.CorsFilter@54ea54f1, org.springframework.security.web.authentication.logout.LogoutFilter@57453b92, com.IKTpreobuka.restExample.egradebook.config.JWTAuthorizationFilter@5ac8e557, org.springframework.security.web.savedrequest.RequestCacheAwareFilter@306440bd, org.springframework.security.web.servletapi.SecurityContextHolderAwareRequestFilter@5ad81ed5, org.springframework.security.web.authentication.AnonymousAuthenticationFilter@7e0d6e35, org.springframework.security.web.session.SessionManagementFilter@48407a97, org.springframework.security.web.access.ExceptionTranslationFilter@25c903b0, org.springframework.security.web.access.intercept.FilterSecurityInterceptor@30ea1ae6]
2021-07-31 11:48:05.940  WARN 31280 --- [restartedMain] ion$DefaultTemplateResolverConfiguration : Cannot find template location: classpath:/templates/ (please add some templates or check your Thymeleaf configuration)
2021-07-31 11:48:06.161  INFO 31280 --- [restartedMain] o.s.b.d.a.OptionalLiveReloadServer       : LiveReload server is running on port 35729
2021-07-31 11:48:06.265  INFO 31280 --- [restartedMain] o.s.b.w.e.t.TomcatWebServer              : Tomcat started on port(s): 8080 (http) with context path ''
2021-07-31 11:48:06.288  INFO 31280 --- [restartedMain] c.I.r.e.EGradebookApplication            : Started EGradebookApplication in 7.066 seconds (JVM running for 8.418)
2021-07-31 11:48:25.251  INFO 31280 --- [http-nio-8080-exec-2] o.a.c.c.C.[.[.[/]                        : Initializing Spring DispatcherServlet 'dispatcherServlet'
2021-07-31 11:48:25.251  INFO 31280 --- [http-nio-8080-exec-2] o.s.w.s.DispatcherServlet                : Initializing Servlet 'dispatcherServlet'
2021-07-31 11:48:25.254  INFO 31280 --- [http-nio-8080-exec-2] o.s.w.s.DispatcherServlet                : Completed initialization in 2 ms
2021-07-31 11:48:25.778  INFO 31280 --- [http-nio-8080-exec-2] c.I.r.e.c.SigninController               : com.IKTpreobuka.restExample.egradebook.entities.AdminEntity@4e58f6cb : JWTToken granted.
2021-07-31 11:48:25.779  INFO 31280 --- [http-nio-8080-exec-2] c.I.r.e.c.SigninController               : b.djukic : logged in.
2021-07-31 11:48:37.060  INFO 31280 --- [http-nio-8080-exec-3] c.I.r.e.c.SigninController               : com.IKTpreobuka.restExample.egradebook.entities.AdminEntity@7044936b : JWTToken granted.
2021-07-31 11:48:37.061  INFO 31280 --- [http-nio-8080-exec-3] c.I.r.e.c.SigninController               : b.djukic : logged in.
2021-07-31 11:54:24.122  INFO 31280 --- [http-nio-8080-exec-6] c.I.r.e.c.TeacherController              : Teacher ID: 221, username: milo.vujic -- CREATED by: b.djukic
2021-07-31 11:54:52.250  INFO 31280 --- [http-nio-8080-exec-7] c.I.r.e.c.SubjectController              : Subject ID: 2072323757 -- CREATED by: b.djukic
2021-07-31 11:55:26.981  INFO 31280 --- [http-nio-8080-exec-8] c.I.r.e.c.AssignedController             : Subject ID: 222 assigned to Teacher ID: 221 -- MADE by: b.djukic
2021-07-31 11:55:38.642 ERROR 31280 --- [http-nio-8080-exec-9] o.a.c.c.C.[.[.[.[dispatcherServlet]      : Servlet.service() for servlet [dispatcherServlet] in context with path [] threw exception [Request processing failed; nested exception is org.springframework.dao.IncorrectResultSizeDataAccessException: query did not return a unique result: 2; nested exception is javax.persistence.NonUniqueResultException: query did not return a unique result: 2] with root cause

javax.persistence.NonUniqueResultException: query did not return a unique result: 2
	at org.hibernate.internal.ExceptionConverterImpl.convert(ExceptionConverterImpl.java:128) ~[hibernate-core-5.4.32.Final.jar:5.4.32.Final]
	at org.hibernate.query.internal.AbstractProducedQuery.getSingleResult(AbstractProducedQuery.java:1659) ~[hibernate-core-5.4.32.Final.jar:5.4.32.Final]
	at org.hibernate.query.criteria.internal.compile.CriteriaQueryTypeQueryAdapter.getSingleResult(CriteriaQueryTypeQueryAdapter.java:111) ~[hibernate-core-5.4.32.Final.jar:5.4.32.Final]
	at org.springframework.data.jpa.repository.query.JpaQueryExecution$SingleEntityExecution.doExecute(JpaQueryExecution.java:196) ~[spring-data-jpa-2.5.2.jar:2.5.2]
	at org.springframework.data.jpa.repository.query.JpaQueryExecution.execute(JpaQueryExecution.java:88) ~[spring-data-jpa-2.5.2.jar:2.5.2]
	at org.springframework.data.jpa.repository.query.AbstractJpaQuery.doExecute(AbstractJpaQuery.java:155) ~[spring-data-jpa-2.5.2.jar:2.5.2]
	at org.springframework.data.jpa.repository.query.AbstractJpaQuery.execute(AbstractJpaQuery.java:143) ~[spring-data-jpa-2.5.2.jar:2.5.2]
	at org.springframework.data.repository.core.support.RepositoryMethodInvoker.doInvoke(RepositoryMethodInvoker.java:137) ~[spring-data-commons-2.5.2.jar:2.5.2]
	at org.springframework.data.repository.core.support.RepositoryMethodInvoker.invoke(RepositoryMethodInvoker.java:121) ~[spring-data-commons-2.5.2.jar:2.5.2]
	at org.springframework.data.repository.core.support.QueryExecutorMethodInterceptor.doInvoke(QueryExecutorMethodInterceptor.java:159) ~[spring-data-commons-2.5.2.jar:2.5.2]
	at org.springframework.data.repository.core.support.QueryExecutorMethodInterceptor.invoke(QueryExecutorMethodInterceptor.java:138) ~[spring-data-commons-2.5.2.jar:2.5.2]
	at org.springframework.aop.framework.ReflectiveMethodInvocation.proceed(ReflectiveMethodInvocation.java:186) ~[spring-aop-5.3.8.jar:5.3.8]
	at org.springframework.transaction.interceptor.TransactionInterceptor$1.proceedWithInvocation(TransactionInterceptor.java:123) ~[spring-tx-5.3.8.jar:5.3.8]
	at org.springframework.transaction.interceptor.TransactionAspectSupport.invokeWithinTransaction(TransactionAspectSupport.java:388) ~[spring-tx-5.3.8.jar:5.3.8]
	at org.springframework.transaction.interceptor.TransactionInterceptor.invoke(TransactionInterceptor.java:119) ~[spring-tx-5.3.8.jar:5.3.8]
	at org.springframework.aop.framework.ReflectiveMethodInvocation.proceed(ReflectiveMethodInvocation.java:186) ~[spring-aop-5.3.8.jar:5.3.8]
	at org.springframework.dao.support.PersistenceExceptionTranslationInterceptor.invoke(PersistenceExceptionTranslationInterceptor.java:137) ~[spring-tx-5.3.8.jar:5.3.8]
	at org.springframework.aop.framework.ReflectiveMethodInvocation.proceed(ReflectiveMethodInvocation.java:186) ~[spring-aop-5.3.8.jar:5.3.8]
	at org.springframework.data.jpa.repository.support.CrudMethodMetadataPostProcessor$CrudMethodMetadataPopulatingMethodInterceptor.invoke(CrudMethodMetadataPostProcessor.java:145) ~[spring-data-jpa-2.5.2.jar:2.5.2]
	at org.springframework.aop.framework.ReflectiveMethodInvocation.proceed(ReflectiveMethodInvocation.java:186) ~[spring-aop-5.3.8.jar:5.3.8]
	at org.springframework.aop.interceptor.ExposeInvocationInterceptor.invoke(ExposeInvocationInterceptor.java:97) ~[spring-aop-5.3.8.jar:5.3.8]
	at org.springframework.aop.framework.ReflectiveMethodInvocation.proceed(ReflectiveMethodInvocation.java:186) ~[spring-aop-5.3.8.jar:5.3.8]
	at org.springframework.aop.framework.JdkDynamicAopProxy.invoke(JdkDynamicAopProxy.java:215) ~[spring-aop-5.3.8.jar:5.3.8]
	at com.sun.proxy.$Proxy131.findBySubject_IdAndTeacher_Id(Unknown Source) ~[?:?]
	at com.IKTpreobuka.restExample.egradebook.controllers.AssignedController.assignSubjectToTeacher(AssignedController.java:72) ~[classes/:?]
	at com.IKTpreobuka.restExample.egradebook.controllers.AssignedController$$FastClassBySpringCGLIB$$7a712ca8.invoke(<generated>) ~[classes/:?]
	at org.springframework.cglib.proxy.MethodProxy.invoke(MethodProxy.java:218) ~[spring-core-5.3.8.jar:5.3.8]
	at org.springframework.aop.framework.CglibAopProxy$CglibMethodInvocation.invokeJoinpoint(CglibAopProxy.java:779) ~[spring-aop-5.3.8.jar:5.3.8]
	at org.springframework.aop.framework.ReflectiveMethodInvocation.proceed(ReflectiveMethodInvocation.java:163) ~[spring-aop-5.3.8.jar:5.3.8]
	at org.springframework.aop.framework.CglibAopProxy$CglibMethodInvocation.proceed(CglibAopProxy.java:750) ~[spring-aop-5.3.8.jar:5.3.8]
	at org.springframework.security.access.intercept.aopalliance.MethodSecurityInterceptor.invoke(MethodSecurityInterceptor.java:61) ~[spring-security-core-5.5.1.jar:5.5.1]
	at org.springframework.aop.framework.ReflectiveMethodInvocation.proceed(ReflectiveMethodInvocation.java:186) ~[spring-aop-5.3.8.jar:5.3.8]
	at org.springframework.aop.framework.CglibAopProxy$CglibMethodInvocation.proceed(CglibAopProxy.java:750) ~[spring-aop-5.3.8.jar:5.3.8]
	at org.springframework.aop.framework.CglibAopProxy$DynamicAdvisedInterceptor.intercept(CglibAopProxy.java:692) ~[spring-aop-5.3.8.jar:5.3.8]
	at com.IKTpreobuka.restExample.egradebook.controllers.AssignedController$$EnhancerBySpringCGLIB$$f0b1aa8.assignSubjectToTeacher(<generated>) ~[classes/:?]
	at jdk.internal.reflect.NativeMethodAccessorImpl.invoke0(Native Method) ~[?:?]
	at jdk.internal.reflect.NativeMethodAccessorImpl.invoke(NativeMethodAccessorImpl.java:64) ~[?:?]
	at jdk.internal.reflect.DelegatingMethodAccessorImpl.invoke(DelegatingMethodAccessorImpl.java:43) ~[?:?]
	at java.lang.reflect.Method.invoke(Method.java:564) ~[?:?]
	at org.springframework.web.method.support.InvocableHandlerMethod.doInvoke(InvocableHandlerMethod.java:197) ~[spring-web-5.3.8.jar:5.3.8]
	at org.springframework.web.method.support.InvocableHandlerMethod.invokeForRequest(InvocableHandlerMethod.java:141) ~[spring-web-5.3.8.jar:5.3.8]
	at org.springframework.web.servlet.mvc.method.annotation.ServletInvocableHandlerMethod.invokeAndHandle(ServletInvocableHandlerMethod.java:106) ~[spring-webmvc-5.3.8.jar:5.3.8]
	at org.springframework.web.servlet.mvc.method.annotation.RequestMappingHandlerAdapter.invokeHandlerMethod(RequestMappingHandlerAdapter.java:894) ~[spring-webmvc-5.3.8.jar:5.3.8]
	at org.springframework.web.servlet.mvc.method.annotation.RequestMappingHandlerAdapter.handleInternal(RequestMappingHandlerAdapter.java:808) ~[spring-webmvc-5.3.8.jar:5.3.8]
	at org.springframework.web.servlet.mvc.method.AbstractHandlerMethodAdapter.handle(AbstractHandlerMethodAdapter.java:87) ~[spring-webmvc-5.3.8.jar:5.3.8]
	at org.springframework.web.servlet.DispatcherServlet.doDispatch(DispatcherServlet.java:1063) ~[spring-webmvc-5.3.8.jar:5.3.8]
	at org.springframework.web.servlet.DispatcherServlet.doService(DispatcherServlet.java:963) ~[spring-webmvc-5.3.8.jar:5.3.8]
	at org.springframework.web.servlet.FrameworkServlet.processRequest(FrameworkServlet.java:1006) ~[spring-webmvc-5.3.8.jar:5.3.8]
	at org.springframework.web.servlet.FrameworkServlet.doPost(FrameworkServlet.java:909) ~[spring-webmvc-5.3.8.jar:5.3.8]
	at javax.servlet.http.HttpServlet.service(HttpServlet.java:681) ~[tomcat-embed-core-9.0.48.jar:4.0.FR]
	at org.springframework.web.servlet.FrameworkServlet.service(FrameworkServlet.java:883) ~[spring-webmvc-5.3.8.jar:5.3.8]
	at javax.servlet.http.HttpServlet.service(HttpServlet.java:764) ~[tomcat-embed-core-9.0.48.jar:4.0.FR]
	at org.apache.catalina.core.ApplicationFilterChain.internalDoFilter(ApplicationFilterChain.java:228) ~[tomcat-embed-core-9.0.48.jar:9.0.48]
	at org.apache.catalina.core.ApplicationFilterChain.doFilter(ApplicationFilterChain.java:163) ~[tomcat-embed-core-9.0.48.jar:9.0.48]
	at org.apache.tomcat.websocket.server.WsFilter.doFilter(WsFilter.java:53) ~[tomcat-embed-websocket-9.0.48.jar:9.0.48]
	at org.apache.catalina.core.ApplicationFilterChain.internalDoFilter(ApplicationFilterChain.java:190) ~[tomcat-embed-core-9.0.48.jar:9.0.48]
	at org.apache.catalina.core.ApplicationFilterChain.doFilter(ApplicationFilterChain.java:163) ~[tomcat-embed-core-9.0.48.jar:9.0.48]
	at org.springframework.security.web.FilterChainProxy$VirtualFilterChain.doFilter(FilterChainProxy.java:327) ~[spring-security-web-5.5.1.jar:5.5.1]
	at org.springframework.security.web.access.intercept.FilterSecurityInterceptor.invoke(FilterSecurityInterceptor.java:115) ~[spring-security-web-5.5.1.jar:5.5.1]
	at org.springframework.security.web.access.intercept.FilterSecurityInterceptor.doFilter(FilterSecurityInterceptor.java:81) ~[spring-security-web-5.5.1.jar:5.5.1]
	at org.springframework.security.web.FilterChainProxy$VirtualFilterChain.doFilter(FilterChainProxy.java:336) ~[spring-security-web-5.5.1.jar:5.5.1]
	at org.springframework.security.web.access.ExceptionTranslationFilter.doFilter(ExceptionTranslationFilter.java:121) ~[spring-security-web-5.5.1.jar:5.5.1]
	at org.springframework.security.web.access.ExceptionTranslationFilter.doFilter(ExceptionTranslationFilter.java:115) ~[spring-security-web-5.5.1.jar:5.5.1]
	at org.springframework.security.web.FilterChainProxy$VirtualFilterChain.doFilter(FilterChainProxy.java:336) ~[spring-security-web-5.5.1.jar:5.5.1]
	at org.springframework.security.web.session.SessionManagementFilter.doFilter(SessionManagementFilter.java:126) ~[spring-security-web-5.5.1.jar:5.5.1]
	at org.springframework.security.web.session.SessionManagementFilter.doFilter(SessionManagementFilter.java:81) ~[spring-security-web-5.5.1.jar:5.5.1]
	at org.springframework.security.web.FilterChainProxy$VirtualFilterChain.doFilter(FilterChainProxy.java:336) ~[spring-security-web-5.5.1.jar:5.5.1]
	at org.springframework.security.web.authentication.AnonymousAuthenticationFilter.doFilter(AnonymousAuthenticationFilter.java:105) ~[spring-security-web-5.5.1.jar:5.5.1]
	at org.springframework.security.web.FilterChainProxy$VirtualFilterChain.doFilter(FilterChainProxy.java:336) ~[spring-security-web-5.5.1.jar:5.5.1]
	at org.springframework.security.web.servletapi.SecurityContextHolderAwareRequestFilter.doFilter(SecurityContextHolderAwareRequestFilter.java:149) ~[spring-security-web-5.5.1.jar:5.5.1]
	at org.springframework.security.web.FilterChainProxy$VirtualFilterChain.doFilter(FilterChainProxy.java:336) ~[spring-security-web-5.5.1.jar:5.5.1]
	at org.springframework.security.web.savedrequest.RequestCacheAwareFilter.doFilter(RequestCacheAwareFilter.java:63) ~[spring-security-web-5.5.1.jar:5.5.1]
	at org.springframework.security.web.FilterChainProxy$VirtualFilterChain.doFilter(FilterChainProxy.java:336) ~[spring-security-web-5.5.1.jar:5.5.1]
	at com.IKTpreobuka.restExample.egradebook.config.JWTAuthorizationFilter.doFilterInternal(JWTAuthorizationFilter.java:50) ~[classes/:?]
	at org.springframework.web.filter.OncePerRequestFilter.doFilter(OncePerRequestFilter.java:119) ~[spring-web-5.3.8.jar:5.3.8]
	at org.springframework.security.web.FilterChainProxy$VirtualFilterChain.doFilter(FilterChainProxy.java:336) ~[spring-security-web-5.5.1.jar:5.5.1]
	at org.springframework.security.web.authentication.logout.LogoutFilter.doFilter(LogoutFilter.java:103) ~[spring-security-web-5.5.1.jar:5.5.1]
	at org.springframework.security.web.authentication.logout.LogoutFilter.doFilter(LogoutFilter.java:89) ~[spring-security-web-5.5.1.jar:5.5.1]
	at org.springframework.security.web.FilterChainProxy$VirtualFilterChain.doFilter(FilterChainProxy.java:336) ~[spring-security-web-5.5.1.jar:5.5.1]
	at org.springframework.web.filter.CorsFilter.doFilterInternal(CorsFilter.java:91) ~[spring-web-5.3.8.jar:5.3.8]
	at org.springframework.web.filter.OncePerRequestFilter.doFilter(OncePerRequestFilter.java:119) ~[spring-web-5.3.8.jar:5.3.8]
	at org.springframework.security.web.FilterChainProxy$VirtualFilterChain.doFilter(FilterChainProxy.java:336) ~[spring-security-web-5.5.1.jar:5.5.1]
	at org.springframework.security.web.header.HeaderWriterFilter.doHeadersAfter(HeaderWriterFilter.java:90) ~[spring-security-web-5.5.1.jar:5.5.1]
	at org.springframework.security.web.header.HeaderWriterFilter.doFilterInternal(HeaderWriterFilter.java:75) ~[spring-security-web-5.5.1.jar:5.5.1]
	at org.springframework.web.filter.OncePerRequestFilter.doFilter(OncePerRequestFilter.java:119) ~[spring-web-5.3.8.jar:5.3.8]
	at org.springframework.security.web.FilterChainProxy$VirtualFilterChain.doFilter(FilterChainProxy.java:336) ~[spring-security-web-5.5.1.jar:5.5.1]
	at org.springframework.security.web.context.SecurityContextPersistenceFilter.doFilter(SecurityContextPersistenceFilter.java:110) ~[spring-security-web-5.5.1.jar:5.5.1]
	at org.springframework.security.web.context.SecurityContextPersistenceFilter.doFilter(SecurityContextPersistenceFilter.java:80) ~[spring-security-web-5.5.1.jar:5.5.1]
	at org.springframework.security.web.FilterChainProxy$VirtualFilterChain.doFilter(FilterChainProxy.java:336) ~[spring-security-web-5.5.1.jar:5.5.1]
	at org.springframework.security.web.context.request.async.WebAsyncManagerIntegrationFilter.doFilterInternal(WebAsyncManagerIntegrationFilter.java:55) ~[spring-security-web-5.5.1.jar:5.5.1]
	at org.springframework.web.filter.OncePerRequestFilter.doFilter(OncePerRequestFilter.java:119) ~[spring-web-5.3.8.jar:5.3.8]
	at org.springframework.security.web.FilterChainProxy$VirtualFilterChain.doFilter(FilterChainProxy.java:336) ~[spring-security-web-5.5.1.jar:5.5.1]
	at org.springframework.security.web.FilterChainProxy.doFilterInternal(FilterChainProxy.java:211) ~[spring-security-web-5.5.1.jar:5.5.1]
	at org.springframework.security.web.FilterChainProxy.doFilter(FilterChainProxy.java:183) ~[spring-security-web-5.5.1.jar:5.5.1]
	at org.springframework.web.filter.DelegatingFilterProxy.invokeDelegate(DelegatingFilterProxy.java:358) ~[spring-web-5.3.8.jar:5.3.8]
	at org.springframework.web.filter.DelegatingFilterProxy.doFilter(DelegatingFilterProxy.java:271) ~[spring-web-5.3.8.jar:5.3.8]
	at org.apache.catalina.core.ApplicationFilterChain.internalDoFilter(ApplicationFilterChain.java:190) ~[tomcat-embed-core-9.0.48.jar:9.0.48]
	at org.apache.catalina.core.ApplicationFilterChain.doFilter(ApplicationFilterChain.java:163) ~[tomcat-embed-core-9.0.48.jar:9.0.48]
	at org.springframework.web.filter.RequestContextFilter.doFilterInternal(RequestContextFilter.java:100) ~[spring-web-5.3.8.jar:5.3.8]
	at org.springframework.web.filter.OncePerRequestFilter.doFilter(OncePerRequestFilter.java:119) ~[spring-web-5.3.8.jar:5.3.8]
	at org.apache.catalina.core.ApplicationFilterChain.internalDoFilter(ApplicationFilterChain.java:190) ~[tomcat-embed-core-9.0.48.jar:9.0.48]
	at org.apache.catalina.core.ApplicationFilterChain.doFilter(ApplicationFilterChain.java:163) ~[tomcat-embed-core-9.0.48.jar:9.0.48]
	at org.springframework.web.filter.FormContentFilter.doFilterInternal(FormContentFilter.java:93) ~[spring-web-5.3.8.jar:5.3.8]
	at org.springframework.web.filter.OncePerRequestFilter.doFilter(OncePerRequestFilter.java:119) ~[spring-web-5.3.8.jar:5.3.8]
	at org.apache.catalina.core.ApplicationFilterChain.internalDoFilter(ApplicationFilterChain.java:190) ~[tomcat-embed-core-9.0.48.jar:9.0.48]
	at org.apache.catalina.core.ApplicationFilterChain.doFilter(ApplicationFilterChain.java:163) ~[tomcat-embed-core-9.0.48.jar:9.0.48]
	at org.springframework.web.filter.CharacterEncodingFilter.doFilterInternal(CharacterEncodingFilter.java:201) ~[spring-web-5.3.8.jar:5.3.8]
	at org.springframework.web.filter.OncePerRequestFilter.doFilter(OncePerRequestFilter.java:119) ~[spring-web-5.3.8.jar:5.3.8]
	at org.apache.catalina.core.ApplicationFilterChain.internalDoFilter(ApplicationFilterChain.java:190) ~[tomcat-embed-core-9.0.48.jar:9.0.48]
	at org.apache.catalina.core.ApplicationFilterChain.doFilter(ApplicationFilterChain.java:163) ~[tomcat-embed-core-9.0.48.jar:9.0.48]
	at org.apache.catalina.core.StandardWrapperValve.invoke(StandardWrapperValve.java:202) [tomcat-embed-core-9.0.48.jar:9.0.48]
	at org.apache.catalina.core.StandardContextValve.invoke(StandardContextValve.java:97) [tomcat-embed-core-9.0.48.jar:9.0.48]
	at org.apache.catalina.authenticator.AuthenticatorBase.invoke(AuthenticatorBase.java:542) [tomcat-embed-core-9.0.48.jar:9.0.48]
	at org.apache.catalina.core.StandardHostValve.invoke(StandardHostValve.java:143) [tomcat-embed-core-9.0.48.jar:9.0.48]
	at org.apache.catalina.valves.ErrorReportValve.invoke(ErrorReportValve.java:92) [tomcat-embed-core-9.0.48.jar:9.0.48]
	at org.apache.catalina.core.StandardEngineValve.invoke(StandardEngineValve.java:78) [tomcat-embed-core-9.0.48.jar:9.0.48]
	at org.apache.catalina.connector.CoyoteAdapter.service(CoyoteAdapter.java:357) [tomcat-embed-core-9.0.48.jar:9.0.48]
	at org.apache.coyote.http11.Http11Processor.service(Http11Processor.java:382) [tomcat-embed-core-9.0.48.jar:9.0.48]
	at org.apache.coyote.AbstractProcessorLight.process(AbstractProcessorLight.java:65) [tomcat-embed-core-9.0.48.jar:9.0.48]
	at org.apache.coyote.AbstractProtocol$ConnectionHandler.process(AbstractProtocol.java:893) [tomcat-embed-core-9.0.48.jar:9.0.48]
	at org.apache.tomcat.util.net.NioEndpoint$SocketProcessor.doRun(NioEndpoint.java:1723) [tomcat-embed-core-9.0.48.jar:9.0.48]
	at org.apache.tomcat.util.net.SocketProcessorBase.run(SocketProcessorBase.java:49) [tomcat-embed-core-9.0.48.jar:9.0.48]
	at java.util.concurrent.ThreadPoolExecutor.runWorker(ThreadPoolExecutor.java:1130) [?:?]
	at java.util.concurrent.ThreadPoolExecutor$Worker.run(ThreadPoolExecutor.java:630) [?:?]
	at org.apache.tomcat.util.threads.TaskThread$WrappingRunnable.run(TaskThread.java:61) [tomcat-embed-core-9.0.48.jar:9.0.48]
	at java.lang.Thread.run(Thread.java:832) [?:?]

2021-07-31 11:56:02.859  INFO 31280 --- [http-nio-8080-exec-1] c.I.r.e.c.StudentController              : Student List -- FETCHED by: b.djukic
2021-07-31 11:57:22.945  INFO 31280 --- [http-nio-8080-exec-4] c.I.r.e.c.StudentFileController          : Student ID: 41 assigned to Assigned ID: 223 -- MADE by: b.djukic
2021-07-31 11:58:37.683  INFO 31280 --- [http-nio-8080-exec-7] c.I.r.e.c.SigninController               : com.IKTpreobuka.restExample.egradebook.entities.TeacherEntity@316b33e : JWTToken granted.
2021-07-31 11:58:37.684  INFO 31280 --- [http-nio-8080-exec-7] c.I.r.e.c.SigninController               : milo.vujic : logged in.
2021-07-31 11:59:12.508  INFO 31280 --- [http-nio-8080-exec-8] c.I.r.e.s.EmailServiceImpl               : newGrade email sent to: b.djukic.tur@gmail.com
2021-07-31 11:59:12.508  INFO 31280 --- [http-nio-8080-exec-8] c.I.r.e.c.GradeController                : Student ID: 41 graded with mark: 4 -- GRADED by: milo.vujic
2021-07-31 11:59:12.512  INFO 31280 --- [http-nio-8080-exec-8] c.I.r.e.c.GradeController                : An email has been sent to : b.djukic.tur@gmail.com -- SENT by: milo.vujic
2021-07-31 12:00:35.704  INFO 31280 --- [http-nio-8080-exec-1] c.I.r.e.c.ParentController               : Parent ID: 227, username: ivan.djukic -- CREATED by: b.djukic
2021-07-31 12:01:10.666  INFO 31280 --- [http-nio-8080-exec-2] c.I.r.e.c.StudentController              : Student ID: 41connected to Parent ID: 227 -- CONNECTED by: b.djukic
2021-07-31 12:01:23.280  INFO 31280 --- [http-nio-8080-exec-3] c.I.r.e.s.EmailServiceImpl               : newGrade email sent to: b.djukic.tur@gmail.com
2021-07-31 12:01:23.281  INFO 31280 --- [http-nio-8080-exec-3] c.I.r.e.c.GradeController                : Student ID: 41 graded with mark: 4 -- GRADED by: milo.vujic
2021-07-31 12:01:23.284  INFO 31280 --- [http-nio-8080-exec-3] c.I.r.e.c.GradeController                : An email has been sent to : b.djukic.tur@gmail.com -- SENT by: milo.vujic
2021-07-31 12:03:53.290  INFO 31280 --- [http-nio-8080-exec-8] c.I.r.e.c.SigninController               : com.IKTpreobuka.restExample.egradebook.entities.TeacherEntity@247baf5a : JWTToken granted.
2021-07-31 12:03:53.290  INFO 31280 --- [http-nio-8080-exec-8] c.I.r.e.c.SigninController               : i.vujic : logged in.
2021-07-31 12:04:30.289  INFO 31280 --- [http-nio-8080-exec-9] c.I.r.e.c.TeacherController              : Fetched ElderClass by Teacher ID: 207 -- FETCHED by: i.vujic
2021-07-31 12:04:54.909  INFO 31280 --- [http-nio-8080-exec-10] c.I.r.e.c.TeacherController              : Fetched Report for MyClass by Teacher ID: 207 -- FETCHED by: i.vujic
2021-07-31 12:23:14.506  WARN 31280 --- [HikariPool-1 housekeeper] c.z.h.p.HikariPool                       : HikariPool-1 - Thread starvation or clock leap detected (housekeeper delta=3m10s820ms666µs600ns).
2021-07-31 12:24:34.533  INFO 31280 --- [RMI TCP Connection(41)-127.0.0.1] inMXBeanRegistrar$SpringApplicationAdmin : Application shutdown requested.
2021-07-31 12:24:34.580  INFO 31280 --- [RMI TCP Connection(41)-127.0.0.1] j.LocalContainerEntityManagerFactoryBean : Closing JPA EntityManagerFactory for persistence unit 'default'
2021-07-31 12:24:34.586  INFO 31280 --- [RMI TCP Connection(41)-127.0.0.1] c.z.h.HikariDataSource                   : HikariPool-1 - Shutdown initiated...
2021-07-31 12:24:34.595  INFO 31280 --- [RMI TCP Connection(41)-127.0.0.1] c.z.h.HikariDataSource                   : HikariPool-1 - Shutdown completed.
2021-08-01 10:24:09.987  INFO 34252 --- [restartedMain] c.I.r.e.EGradebookApplication            : Starting EGradebookApplication using Java 15.0.2 on DESKTOP-6VBDC01 with PID 34252 (C:\Users\bdjuk\workspaceIKTPreobuka\e-gradebook\target\classes started by bdjuk in C:\Users\bdjuk\workspaceIKTPreobuka\e-gradebook)
2021-08-01 10:24:10.006  INFO 34252 --- [restartedMain] c.I.r.e.EGradebookApplication            : No active profile set, falling back to default profiles: default
2021-08-01 10:24:10.094  INFO 34252 --- [restartedMain] .e.DevToolsPropertyDefaultsPostProcessor : Devtools property defaults active! Set 'spring.devtools.add-properties' to 'false' to disable
2021-08-01 10:24:10.095  INFO 34252 --- [restartedMain] .e.DevToolsPropertyDefaultsPostProcessor : For additional web related logging consider setting the 'logging.level.web' property to 'DEBUG'
2021-08-01 10:24:11.428  INFO 34252 --- [restartedMain] .s.d.r.c.RepositoryConfigurationDelegate : Bootstrapping Spring Data JPA repositories in DEFAULT mode.
2021-08-01 10:24:11.614  INFO 34252 --- [restartedMain] .s.d.r.c.RepositoryConfigurationDelegate : Finished Spring Data repository scanning in 162 ms. Found 10 JPA repository interfaces.
2021-08-01 10:24:12.212  INFO 34252 --- [restartedMain] trationDelegate$BeanPostProcessorChecker : Bean 'org.springframework.security.access.expression.method.DefaultMethodSecurityExpressionHandler@2ed160a6' of type [org.springframework.security.access.expression.method.DefaultMethodSecurityExpressionHandler] is not eligible for getting processed by all BeanPostProcessors (for example: not eligible for auto-proxying)
2021-08-01 10:24:12.219  INFO 34252 --- [restartedMain] trationDelegate$BeanPostProcessorChecker : Bean 'methodSecurityMetadataSource' of type [org.springframework.security.access.method.DelegatingMethodSecurityMetadataSource] is not eligible for getting processed by all BeanPostProcessors (for example: not eligible for auto-proxying)
2021-08-01 10:24:12.632  INFO 34252 --- [restartedMain] o.s.b.w.e.t.TomcatWebServer              : Tomcat initialized with port(s): 8080 (http)
2021-08-01 10:24:12.648  INFO 34252 --- [restartedMain] o.a.c.c.StandardService                  : Starting service [Tomcat]
2021-08-01 10:24:12.648  INFO 34252 --- [restartedMain] o.a.c.c.StandardEngine                   : Starting Servlet engine: [Apache Tomcat/9.0.48]
2021-08-01 10:24:12.788  INFO 34252 --- [restartedMain] o.a.c.c.C.[.[.[/]                        : Initializing Spring embedded WebApplicationContext
2021-08-01 10:24:12.788  INFO 34252 --- [restartedMain] w.s.c.ServletWebServerApplicationContext : Root WebApplicationContext: initialization completed in 2692 ms
2021-08-01 10:24:13.696  INFO 34252 --- [restartedMain] c.z.h.HikariDataSource                   : HikariPool-1 - Starting...
2021-08-01 10:24:14.201  INFO 34252 --- [restartedMain] c.z.h.HikariDataSource                   : HikariPool-1 - Start completed.
2021-08-01 10:24:15.798  INFO 34252 --- [restartedMain] j.LocalContainerEntityManagerFactoryBean : Initialized JPA EntityManagerFactory for persistence unit 'default'
2021-08-01 10:24:15.867  WARN 34252 --- [restartedMain] JpaBaseConfiguration$JpaWebConfiguration : spring.jpa.open-in-view is enabled by default. Therefore, database queries may be performed during view rendering. Explicitly configure spring.jpa.open-in-view to disable this warning
2021-08-01 10:24:17.024  INFO 34252 --- [restartedMain] .s.s.UserDetailsServiceAutoConfiguration : 

Using generated security password: b81b9df0-4136-4a59-aa98-f4fa42dba873

2021-08-01 10:24:17.490  INFO 34252 --- [restartedMain] o.s.s.w.DefaultSecurityFilterChain       : Will secure any request with [org.springframework.security.web.context.request.async.WebAsyncManagerIntegrationFilter@7788d7b1, org.springframework.security.web.context.SecurityContextPersistenceFilter@36bd518d, org.springframework.security.web.header.HeaderWriterFilter@5b327724, org.springframework.web.filter.CorsFilter@18b5dd2c, org.springframework.security.web.authentication.logout.LogoutFilter@4e7e0691, com.IKTpreobuka.restExample.egradebook.config.JWTAuthorizationFilter@5d862a93, org.springframework.security.web.savedrequest.RequestCacheAwareFilter@20f57fdc, org.springframework.security.web.servletapi.SecurityContextHolderAwareRequestFilter@5bbc1bcb, org.springframework.security.web.authentication.AnonymousAuthenticationFilter@3e8ec43f, org.springframework.security.web.session.SessionManagementFilter@5901a6b6, org.springframework.security.web.access.ExceptionTranslationFilter@69942f30, org.springframework.security.web.access.intercept.FilterSecurityInterceptor@4c149d65]
2021-08-01 10:24:17.719  WARN 34252 --- [restartedMain] ion$DefaultTemplateResolverConfiguration : Cannot find template location: classpath:/templates/ (please add some templates or check your Thymeleaf configuration)
2021-08-01 10:24:17.923  INFO 34252 --- [restartedMain] o.s.b.d.a.OptionalLiveReloadServer       : LiveReload server is running on port 35729
2021-08-01 10:24:18.015  INFO 34252 --- [restartedMain] o.s.b.w.e.t.TomcatWebServer              : Tomcat started on port(s): 8080 (http) with context path ''
2021-08-01 10:24:18.032  INFO 34252 --- [restartedMain] c.I.r.e.EGradebookApplication            : Started EGradebookApplication in 9.069 seconds (JVM running for 10.709)
2021-08-01 10:24:19.358  INFO 34252 --- [RMI TCP Connection(8)-127.0.0.1] inMXBeanRegistrar$SpringApplicationAdmin : Application shutdown requested.
2021-08-01 10:24:19.422  INFO 34252 --- [RMI TCP Connection(8)-127.0.0.1] j.LocalContainerEntityManagerFactoryBean : Closing JPA EntityManagerFactory for persistence unit 'default'
2021-08-01 10:24:19.429  INFO 34252 --- [RMI TCP Connection(8)-127.0.0.1] c.z.h.HikariDataSource                   : HikariPool-1 - Shutdown initiated...
2021-08-01 10:24:19.450  INFO 34252 --- [RMI TCP Connection(8)-127.0.0.1] c.z.h.HikariDataSource                   : HikariPool-1 - Shutdown completed.
2021-08-01 11:18:18.481  INFO 20196 --- [restartedMain] c.I.r.e.EGradebookApplication            : Starting EGradebookApplication using Java 15.0.2 on DESKTOP-6VBDC01 with PID 20196 (C:\Users\bdjuk\workspaceIKTPreobuka\e-gradebook\target\classes started by bdjuk in C:\Users\bdjuk\workspaceIKTPreobuka\e-gradebook)
2021-08-01 11:18:18.489  INFO 20196 --- [restartedMain] c.I.r.e.EGradebookApplication            : No active profile set, falling back to default profiles: default
2021-08-01 11:18:18.524  INFO 20196 --- [restartedMain] .e.DevToolsPropertyDefaultsPostProcessor : Devtools property defaults active! Set 'spring.devtools.add-properties' to 'false' to disable
2021-08-01 11:18:18.524  INFO 20196 --- [restartedMain] .e.DevToolsPropertyDefaultsPostProcessor : For additional web related logging consider setting the 'logging.level.web' property to 'DEBUG'
2021-08-01 11:18:19.194  INFO 20196 --- [restartedMain] .s.d.r.c.RepositoryConfigurationDelegate : Bootstrapping Spring Data JPA repositories in DEFAULT mode.
2021-08-01 11:18:19.283  INFO 20196 --- [restartedMain] .s.d.r.c.RepositoryConfigurationDelegate : Finished Spring Data repository scanning in 83 ms. Found 10 JPA repository interfaces.
2021-08-01 11:18:19.596  INFO 20196 --- [restartedMain] trationDelegate$BeanPostProcessorChecker : Bean 'org.springframework.security.access.expression.method.DefaultMethodSecurityExpressionHandler@3a1101b7' of type [org.springframework.security.access.expression.method.DefaultMethodSecurityExpressionHandler] is not eligible for getting processed by all BeanPostProcessors (for example: not eligible for auto-proxying)
2021-08-01 11:18:19.601  INFO 20196 --- [restartedMain] trationDelegate$BeanPostProcessorChecker : Bean 'methodSecurityMetadataSource' of type [org.springframework.security.access.method.DelegatingMethodSecurityMetadataSource] is not eligible for getting processed by all BeanPostProcessors (for example: not eligible for auto-proxying)
2021-08-01 11:18:19.830  INFO 20196 --- [restartedMain] o.s.b.w.e.t.TomcatWebServer              : Tomcat initialized with port(s): 8080 (http)
2021-08-01 11:18:19.840  INFO 20196 --- [restartedMain] o.a.c.c.StandardService                  : Starting service [Tomcat]
2021-08-01 11:18:19.840  INFO 20196 --- [restartedMain] o.a.c.c.StandardEngine                   : Starting Servlet engine: [Apache Tomcat/9.0.48]
2021-08-01 11:18:19.938  INFO 20196 --- [restartedMain] o.a.c.c.C.[.[.[/]                        : Initializing Spring embedded WebApplicationContext
2021-08-01 11:18:19.938  INFO 20196 --- [restartedMain] w.s.c.ServletWebServerApplicationContext : Root WebApplicationContext: initialization completed in 1413 ms
2021-08-01 11:18:20.329  INFO 20196 --- [restartedMain] c.z.h.HikariDataSource                   : HikariPool-1 - Starting...
2021-08-01 11:18:20.629  INFO 20196 --- [restartedMain] c.z.h.HikariDataSource                   : HikariPool-1 - Start completed.
2021-08-01 11:18:21.484  INFO 20196 --- [restartedMain] j.LocalContainerEntityManagerFactoryBean : Initialized JPA EntityManagerFactory for persistence unit 'default'
2021-08-01 11:18:21.531  WARN 20196 --- [restartedMain] JpaBaseConfiguration$JpaWebConfiguration : spring.jpa.open-in-view is enabled by default. Therefore, database queries may be performed during view rendering. Explicitly configure spring.jpa.open-in-view to disable this warning
2021-08-01 11:18:22.097  INFO 20196 --- [restartedMain] .s.s.UserDetailsServiceAutoConfiguration : 

Using generated security password: 1fbb4500-c6e1-4ee4-8f79-838dfca69871

2021-08-01 11:18:22.310  INFO 20196 --- [restartedMain] o.s.s.w.DefaultSecurityFilterChain       : Will secure any request with [org.springframework.security.web.context.request.async.WebAsyncManagerIntegrationFilter@41f91b37, org.springframework.security.web.context.SecurityContextPersistenceFilter@78f37492, org.springframework.security.web.header.HeaderWriterFilter@6fab2cda, org.springframework.web.filter.CorsFilter@34118b1b, org.springframework.security.web.authentication.logout.LogoutFilter@62e398d, com.IKTpreobuka.restExample.egradebook.config.JWTAuthorizationFilter@2a3e253b, org.springframework.security.web.savedrequest.RequestCacheAwareFilter@4c1e4708, org.springframework.security.web.servletapi.SecurityContextHolderAwareRequestFilter@4486bd0a, org.springframework.security.web.authentication.AnonymousAuthenticationFilter@5cb02ae8, org.springframework.security.web.session.SessionManagementFilter@2d275256, org.springframework.security.web.access.ExceptionTranslationFilter@d21bb11, org.springframework.security.web.access.intercept.FilterSecurityInterceptor@4721dfdb]
2021-08-01 11:18:22.432  WARN 20196 --- [restartedMain] ion$DefaultTemplateResolverConfiguration : Cannot find template location: classpath:/templates/ (please add some templates or check your Thymeleaf configuration)
2021-08-01 11:18:22.532  INFO 20196 --- [restartedMain] o.s.b.d.a.OptionalLiveReloadServer       : LiveReload server is running on port 35729
2021-08-01 11:18:22.576  INFO 20196 --- [restartedMain] o.s.b.w.e.t.TomcatWebServer              : Tomcat started on port(s): 8080 (http) with context path ''
2021-08-01 11:18:22.584  INFO 20196 --- [restartedMain] c.I.r.e.EGradebookApplication            : Started EGradebookApplication in 4.49 seconds (JVM running for 5.368)
2021-08-01 11:19:25.048  INFO 20196 --- [RMI TCP Connection(8)-127.0.0.1] inMXBeanRegistrar$SpringApplicationAdmin : Application shutdown requested.
2021-08-01 11:19:25.078  INFO 20196 --- [RMI TCP Connection(8)-127.0.0.1] j.LocalContainerEntityManagerFactoryBean : Closing JPA EntityManagerFactory for persistence unit 'default'
2021-08-01 11:19:25.081  INFO 20196 --- [RMI TCP Connection(8)-127.0.0.1] c.z.h.HikariDataSource                   : HikariPool-1 - Shutdown initiated...
2021-08-01 11:19:25.088  INFO 20196 --- [RMI TCP Connection(8)-127.0.0.1] c.z.h.HikariDataSource                   : HikariPool-1 - Shutdown completed.
2021-08-01 11:45:37.250  INFO 31372 --- [restartedMain] c.I.r.e.EGradebookApplication            : Starting EGradebookApplication using Java 15.0.2 on DESKTOP-6VBDC01 with PID 31372 (C:\Users\bdjuk\workspaceIKTPreobuka\e-gradebook\target\classes started by bdjuk in C:\Users\bdjuk\workspaceIKTPreobuka\e-gradebook)
2021-08-01 11:45:37.256  INFO 31372 --- [restartedMain] c.I.r.e.EGradebookApplication            : No active profile set, falling back to default profiles: default
2021-08-01 11:45:37.297  INFO 31372 --- [restartedMain] .e.DevToolsPropertyDefaultsPostProcessor : Devtools property defaults active! Set 'spring.devtools.add-properties' to 'false' to disable
2021-08-01 11:45:37.297  INFO 31372 --- [restartedMain] .e.DevToolsPropertyDefaultsPostProcessor : For additional web related logging consider setting the 'logging.level.web' property to 'DEBUG'
2021-08-01 11:45:37.967  INFO 31372 --- [restartedMain] .s.d.r.c.RepositoryConfigurationDelegate : Bootstrapping Spring Data JPA repositories in DEFAULT mode.
2021-08-01 11:45:38.059  INFO 31372 --- [restartedMain] .s.d.r.c.RepositoryConfigurationDelegate : Finished Spring Data repository scanning in 84 ms. Found 10 JPA repository interfaces.
2021-08-01 11:45:38.379  INFO 31372 --- [restartedMain] trationDelegate$BeanPostProcessorChecker : Bean 'org.springframework.security.access.expression.method.DefaultMethodSecurityExpressionHandler@2e4acb3a' of type [org.springframework.security.access.expression.method.DefaultMethodSecurityExpressionHandler] is not eligible for getting processed by all BeanPostProcessors (for example: not eligible for auto-proxying)
2021-08-01 11:45:38.384  INFO 31372 --- [restartedMain] trationDelegate$BeanPostProcessorChecker : Bean 'methodSecurityMetadataSource' of type [org.springframework.security.access.method.DelegatingMethodSecurityMetadataSource] is not eligible for getting processed by all BeanPostProcessors (for example: not eligible for auto-proxying)
2021-08-01 11:45:38.626  INFO 31372 --- [restartedMain] o.s.b.w.e.t.TomcatWebServer              : Tomcat initialized with port(s): 8080 (http)
2021-08-01 11:45:38.635  INFO 31372 --- [restartedMain] o.a.c.c.StandardService                  : Starting service [Tomcat]
2021-08-01 11:45:38.635  INFO 31372 --- [restartedMain] o.a.c.c.StandardEngine                   : Starting Servlet engine: [Apache Tomcat/9.0.48]
2021-08-01 11:45:38.718  INFO 31372 --- [restartedMain] o.a.c.c.C.[.[.[/]                        : Initializing Spring embedded WebApplicationContext
2021-08-01 11:45:38.719  INFO 31372 --- [restartedMain] w.s.c.ServletWebServerApplicationContext : Root WebApplicationContext: initialization completed in 1421 ms
2021-08-01 11:45:39.112  INFO 31372 --- [restartedMain] c.z.h.HikariDataSource                   : HikariPool-1 - Starting...
2021-08-01 11:45:39.417  INFO 31372 --- [restartedMain] c.z.h.HikariDataSource                   : HikariPool-1 - Start completed.
2021-08-01 11:45:40.261  INFO 31372 --- [restartedMain] j.LocalContainerEntityManagerFactoryBean : Initialized JPA EntityManagerFactory for persistence unit 'default'
2021-08-01 11:45:40.308  WARN 31372 --- [restartedMain] JpaBaseConfiguration$JpaWebConfiguration : spring.jpa.open-in-view is enabled by default. Therefore, database queries may be performed during view rendering. Explicitly configure spring.jpa.open-in-view to disable this warning
2021-08-01 11:45:40.864  INFO 31372 --- [restartedMain] .s.s.UserDetailsServiceAutoConfiguration : 

Using generated security password: e16914d1-2aa7-46e7-b5f7-835228584362

2021-08-01 11:45:41.084  INFO 31372 --- [restartedMain] o.s.s.w.DefaultSecurityFilterChain       : Will secure any request with [org.springframework.security.web.context.request.async.WebAsyncManagerIntegrationFilter@68ab78bc, org.springframework.security.web.context.SecurityContextPersistenceFilter@477092d5, org.springframework.security.web.header.HeaderWriterFilter@74cf5117, org.springframework.web.filter.CorsFilter@5ba52998, org.springframework.security.web.authentication.logout.LogoutFilter@4b739b21, com.IKTpreobuka.restExample.egradebook.config.JWTAuthorizationFilter@630338dd, org.springframework.security.web.savedrequest.RequestCacheAwareFilter@401ff81f, org.springframework.security.web.servletapi.SecurityContextHolderAwareRequestFilter@4618ced2, org.springframework.security.web.authentication.AnonymousAuthenticationFilter@6b4e13b, org.springframework.security.web.session.SessionManagementFilter@340e60, org.springframework.security.web.access.ExceptionTranslationFilter@7c36449a, org.springframework.security.web.access.intercept.FilterSecurityInterceptor@705531a1]
2021-08-01 11:45:41.203  WARN 31372 --- [restartedMain] ion$DefaultTemplateResolverConfiguration : Cannot find template location: classpath:/templates/ (please add some templates or check your Thymeleaf configuration)
2021-08-01 11:45:41.306  INFO 31372 --- [restartedMain] o.s.b.d.a.OptionalLiveReloadServer       : LiveReload server is running on port 35729
2021-08-01 11:45:41.351  INFO 31372 --- [restartedMain] o.s.b.w.e.t.TomcatWebServer              : Tomcat started on port(s): 8080 (http) with context path ''
2021-08-01 11:45:41.359  INFO 31372 --- [restartedMain] c.I.r.e.EGradebookApplication            : Started EGradebookApplication in 4.484 seconds (JVM running for 5.348)
